2019-11-01 00:01:15 INFO 2019-11-01T00:01:15.168 http://localhost:12345 200 Success
2019-11-01 00:01:15 INFO Closing org.springframework.boot.web.servlet.context.AnnotationConfigServletWebServerApplicationContext@7975d1d8: startup date [Thu Oct 31 23:56:30 IST 2019]; root of context hierarchy
2019-11-01 00:01:15 INFO Unregistering JMX-exposed beans on shutdown
2019-11-01 00:01:19 INFO Starting CodingTestApplication on mani-desktop with PID 15826 (/media/mani/HDD/codingTest/target/classes started by mani in /media/mani/HDD/codingTest)
2019-11-01 00:01:19 INFO No active profile set, falling back to default profiles: default
2019-11-01 00:01:19 INFO Refreshing org.springframework.boot.web.servlet.context.AnnotationConfigServletWebServerApplicationContext@50f6ac94: startup date [Fri Nov 01 00:01:19 IST 2019]; root of context hierarchy
2019-11-01 00:01:20 INFO Tomcat initialized with port(s): 8080 (http)
2019-11-01 00:01:20 INFO Initializing ProtocolHandler ["http-nio-8080"]
2019-11-01 00:01:20 INFO Starting service [Tomcat]
2019-11-01 00:01:20 INFO Starting Servlet Engine: Apache Tomcat/8.5.28
2019-11-01 00:01:20 INFO The APR based Apache Tomcat Native library which allows optimal performance in production environments was not found on the java.library.path: [/usr/java/packages/lib/amd64:/usr/lib64:/lib64:/lib:/usr/lib]
2019-11-01 00:01:20 INFO Initializing Spring embedded WebApplicationContext
2019-11-01 00:01:20 INFO Root WebApplicationContext: initialization completed in 1202 ms
2019-11-01 00:01:20 INFO Servlet dispatcherServlet mapped to [/]
2019-11-01 00:01:20 INFO Mapping filter: 'characterEncodingFilter' to: [/*]
2019-11-01 00:01:20 INFO Mapping filter: 'hiddenHttpMethodFilter' to: [/*]
2019-11-01 00:01:20 INFO Mapping filter: 'httpPutFormContentFilter' to: [/*]
2019-11-01 00:01:20 INFO Mapping filter: 'requestContextFilter' to: [/*]
2019-11-01 00:01:21 INFO Looking for @ControllerAdvice: org.springframework.boot.web.servlet.context.AnnotationConfigServletWebServerApplicationContext@50f6ac94: startup date [Fri Nov 01 00:01:19 IST 2019]; root of context hierarchy
2019-11-01 00:01:21 INFO Mapped "{[/v1/health/getHealthInLastFiveMinutes],methods=[GET]}" onto public com.sauselabs.codingTest.model.HealthReport com.sauselabs.codingTest.controller.HealthCheckMonitorController.getHealthInLastFiveMinutes()
2019-11-01 00:01:21 INFO Mapped "{[/error]}" onto public org.springframework.http.ResponseEntity<java.util.Map<java.lang.String, java.lang.Object>> org.springframework.boot.autoconfigure.web.servlet.error.BasicErrorController.error(javax.servlet.http.HttpServletRequest)
2019-11-01 00:01:21 INFO Mapped "{[/error],produces=[text/html]}" onto public org.springframework.web.servlet.ModelAndView org.springframework.boot.autoconfigure.web.servlet.error.BasicErrorController.errorHtml(javax.servlet.http.HttpServletRequest,javax.servlet.http.HttpServletResponse)
2019-11-01 00:01:21 INFO Mapped URL path [/webjars/**] onto handler of type [class org.springframework.web.servlet.resource.ResourceHttpRequestHandler]
2019-11-01 00:01:21 INFO Mapped URL path [/**] onto handler of type [class org.springframework.web.servlet.resource.ResourceHttpRequestHandler]
2019-11-01 00:01:21 INFO Mapped URL path [/**/favicon.ico] onto handler of type [class org.springframework.web.servlet.resource.ResourceHttpRequestHandler]
2019-11-01 00:01:21 INFO Registering beans for JMX exposure on startup
2019-11-01 00:01:21 INFO No TaskScheduler/ScheduledExecutorService bean found for scheduled processing
2019-11-01 00:01:21 INFO Starting ProtocolHandler ["http-nio-8080"]
2019-11-01 00:01:21 INFO Using a shared selector for servlet write/read
2019-11-01 00:01:21 INFO Tomcat started on port(s): 8080 (http) with context path ''
2019-11-01 00:01:21 INFO Started CodingTestApplication in 2.795 seconds (JVM running for 3.268)
2019-11-01 00:01:22 ERROR 2019-11-01T00:01:22 http://localhost:12345 500 Failed
2019-11-01 00:01:22 INFO 2019-11-01T00:01:22.506 http://localhost:12345 200 Success
2019-11-01 00:01:23 INFO 2019-11-01T00:01:23.010 http://localhost:12345 200 Success
2019-11-01 00:01:23 ERROR 2019-11-01T00:01:23.514 http://localhost:12345 500 Failed
2019-11-01 00:01:24 ERROR 2019-11-01T00:01:24.018 http://localhost:12345 500 Failed
2019-11-01 00:01:24 INFO 2019-11-01T00:01:24.521 http://localhost:12345 200 Success
2019-11-01 00:01:25 INFO 2019-11-01T00:01:25.024 http://localhost:12345 200 Success
2019-11-01 00:01:25 ERROR 2019-11-01T00:01:25.527 http://localhost:12345 500 Failed
2019-11-01 00:01:26 INFO 2019-11-01T00:01:26.031 http://localhost:12345 200 Success
2019-11-01 00:01:26 INFO 2019-11-01T00:01:26.534 http://localhost:12345 200 Success
2019-11-01 00:01:27 INFO 2019-11-01T00:01:27.037 http://localhost:12345 200 Success
2019-11-01 00:01:27 INFO 2019-11-01T00:01:27.540 http://localhost:12345 200 Success
2019-11-01 00:01:28 ERROR 2019-11-01T00:01:28.044 http://localhost:12345 500 Failed
2019-11-01 00:01:28 ERROR 2019-11-01T00:01:28.548 http://localhost:12345 500 Failed
2019-11-01 00:01:29 INFO 2019-11-01T00:01:29.051 http://localhost:12345 200 Success
2019-11-01 00:01:29 INFO 2019-11-01T00:01:29.555 http://localhost:12345 200 Success
2019-11-01 00:01:30 INFO 2019-11-01T00:01:30.058 http://localhost:12345 200 Success
2019-11-01 00:01:30 INFO 2019-11-01T00:01:30.561 http://localhost:12345 200 Success
2019-11-01 00:01:31 INFO 2019-11-01T00:01:31.064 http://localhost:12345 200 Success
2019-11-01 00:01:31 INFO 2019-11-01T00:01:31.568 http://localhost:12345 200 Success
2019-11-01 00:01:32 INFO 2019-11-01T00:01:32.071 http://localhost:12345 200 Success
2019-11-01 00:01:32 INFO 2019-11-01T00:01:32.574 http://localhost:12345 200 Success
2019-11-01 00:01:33 ERROR 2019-11-01T00:01:33.078 http://localhost:12345 500 Failed
2019-11-01 00:01:33 INFO 2019-11-01T00:01:33.581 http://localhost:12345 200 Success
2019-11-01 00:01:34 INFO 2019-11-01T00:01:34.084 http://localhost:12345 200 Success
2019-11-01 00:01:34 INFO 2019-11-01T00:01:34.587 http://localhost:12345 200 Success
2019-11-01 00:01:35 INFO 2019-11-01T00:01:35.091 http://localhost:12345 200 Success
2019-11-01 00:01:35 INFO 2019-11-01T00:01:35.594 http://localhost:12345 200 Success
2019-11-01 00:01:36 INFO 2019-11-01T00:01:36.097 http://localhost:12345 200 Success
2019-11-01 00:01:36 INFO 2019-11-01T00:01:36.600 http://localhost:12345 200 Success
2019-11-01 00:01:37 ERROR 2019-11-01T00:01:37.104 http://localhost:12345 500 Failed
2019-11-01 00:01:37 INFO 2019-11-01T00:01:37.607 http://localhost:12345 200 Success
2019-11-01 00:01:38 ERROR 2019-11-01T00:01:38.112 http://localhost:12345 500 Failed
2019-11-01 00:01:38 INFO 2019-11-01T00:01:38.614 http://localhost:12345 200 Success
2019-11-01 00:01:39 INFO 2019-11-01T00:01:39.117 http://localhost:12345 200 Success
2019-11-01 00:01:39 INFO 2019-11-01T00:01:39.620 http://localhost:12345 200 Success
2019-11-01 00:01:40 INFO 2019-11-01T00:01:40.123 http://localhost:12345 200 Success
2019-11-01 00:01:40 INFO 2019-11-01T00:01:40.626 http://localhost:12345 200 Success
2019-11-01 00:01:41 INFO 2019-11-01T00:01:41.130 http://localhost:12345 200 Success
2019-11-01 00:01:41 INFO 2019-11-01T00:01:41.633 http://localhost:12345 200 Success
2019-11-01 00:01:42 INFO 2019-11-01T00:01:42.137 http://localhost:12345 200 Success
2019-11-01 00:01:42 ERROR 2019-11-01T00:01:42.641 http://localhost:12345 500 Failed
2019-11-01 00:01:43 INFO 2019-11-01T00:01:43.144 http://localhost:12345 200 Success
2019-11-01 00:01:43 INFO 2019-11-01T00:01:43.647 http://localhost:12345 200 Success
2019-11-01 00:01:44 INFO 2019-11-01T00:01:44.150 http://localhost:12345 200 Success
2019-11-01 00:01:44 INFO 2019-11-01T00:01:44.652 http://localhost:12345 200 Success
2019-11-01 00:01:45 INFO 2019-11-01T00:01:45.155 http://localhost:12345 200 Success
2019-11-01 00:01:45 INFO 2019-11-01T00:01:45.658 http://localhost:12345 200 Success
2019-11-01 00:01:46 INFO 2019-11-01T00:01:46.161 http://localhost:12345 200 Success
2019-11-01 00:01:46 INFO 2019-11-01T00:01:46.665 http://localhost:12345 200 Success
2019-11-01 00:01:47 INFO 2019-11-01T00:01:47.167 http://localhost:12345 200 Success
2019-11-01 00:01:47 ERROR 2019-11-01T00:01:47.672 http://localhost:12345 500 Failed
2019-11-01 00:01:48 INFO 2019-11-01T00:01:48.174 http://localhost:12345 200 Success
2019-11-01 00:01:48 INFO 2019-11-01T00:01:48.677 http://localhost:12345 200 Success
2019-11-01 00:01:49 INFO 2019-11-01T00:01:49.180 http://localhost:12345 200 Success
2019-11-01 00:01:49 ERROR 2019-11-01T00:01:49.684 http://localhost:12345 500 Failed
2019-11-01 00:01:50 INFO 2019-11-01T00:01:50.187 http://localhost:12345 200 Success
2019-11-01 00:01:50 INFO 2019-11-01T00:01:50.690 http://localhost:12345 200 Success
2019-11-01 00:01:51 ERROR 2019-11-01T00:01:51.194 http://localhost:12345 500 Failed
2019-11-01 00:01:51 INFO 2019-11-01T00:01:51.697 http://localhost:12345 200 Success
2019-11-01 00:01:52 INFO 2019-11-01T00:01:52.200 http://localhost:12345 200 Success
2019-11-01 00:01:52 ERROR 2019-11-01T00:01:52.704 http://localhost:12345 500 Failed
2019-11-01 00:01:53 INFO 2019-11-01T00:01:53.207 http://localhost:12345 200 Success
2019-11-01 00:01:53 INFO 2019-11-01T00:01:53.711 http://localhost:12345 200 Success
2019-11-01 00:01:54 INFO 2019-11-01T00:01:54.214 http://localhost:12345 200 Success
2019-11-01 00:01:54 INFO 2019-11-01T00:01:54.717 http://localhost:12345 200 Success
2019-11-01 00:01:55 ERROR 2019-11-01T00:01:55.221 http://localhost:12345 500 Failed
2019-11-01 00:01:55 INFO 2019-11-01T00:01:55.724 http://localhost:12345 200 Success
2019-11-01 00:01:56 INFO 2019-11-01T00:01:56.227 http://localhost:12345 200 Success
2019-11-01 00:01:56 INFO 2019-11-01T00:01:56.730 http://localhost:12345 200 Success
2019-11-01 00:01:57 INFO 2019-11-01T00:01:57.234 http://localhost:12345 200 Success
2019-11-01 00:01:57 ERROR 2019-11-01T00:01:57.738 http://localhost:12345 500 Failed
2019-11-01 00:01:58 INFO 2019-11-01T00:01:58.242 http://localhost:12345 200 Success
2019-11-01 00:01:58 INFO 2019-11-01T00:01:58.744 http://localhost:12345 200 Success
2019-11-01 00:01:59 INFO 2019-11-01T00:01:59.247 http://localhost:12345 200 Success
2019-11-01 00:01:59 INFO 2019-11-01T00:01:59.750 http://localhost:12345 200 Success
2019-11-01 00:02:34 INFO 2019-11-01T00:02:34.321 http://localhost:12345 200 Success
2019-11-01 00:02:34 INFO Closing org.springframework.boot.web.servlet.context.AnnotationConfigServletWebServerApplicationContext@50f6ac94: startup date [Fri Nov 01 00:01:19 IST 2019]; root of context hierarchy
2019-11-01 00:02:34 INFO Unregistering JMX-exposed beans on shutdown
2019-11-01 00:02:38 INFO Starting CodingTestApplication on mani-desktop with PID 20396 (/media/mani/HDD/codingTest/target/classes started by mani in /media/mani/HDD/codingTest)
2019-11-01 00:02:38 INFO No active profile set, falling back to default profiles: default
2019-11-01 00:02:38 INFO Refreshing org.springframework.boot.web.servlet.context.AnnotationConfigServletWebServerApplicationContext@28194a50: startup date [Fri Nov 01 00:02:38 IST 2019]; root of context hierarchy
2019-11-01 00:02:39 INFO Tomcat initialized with port(s): 8080 (http)
2019-11-01 00:02:39 INFO Initializing ProtocolHandler ["http-nio-8080"]
2019-11-01 00:02:39 INFO Starting service [Tomcat]
2019-11-01 00:02:39 INFO Starting Servlet Engine: Apache Tomcat/8.5.28
2019-11-01 00:02:39 INFO The APR based Apache Tomcat Native library which allows optimal performance in production environments was not found on the java.library.path: [/usr/java/packages/lib/amd64:/usr/lib64:/lib64:/lib:/usr/lib]
2019-11-01 00:02:39 INFO Initializing Spring embedded WebApplicationContext
2019-11-01 00:02:39 INFO Root WebApplicationContext: initialization completed in 1214 ms
2019-11-01 00:02:39 INFO Servlet dispatcherServlet mapped to [/]
2019-11-01 00:02:39 INFO Mapping filter: 'characterEncodingFilter' to: [/*]
2019-11-01 00:02:39 INFO Mapping filter: 'hiddenHttpMethodFilter' to: [/*]
2019-11-01 00:02:39 INFO Mapping filter: 'httpPutFormContentFilter' to: [/*]
2019-11-01 00:02:39 INFO Mapping filter: 'requestContextFilter' to: [/*]
2019-11-01 00:02:39 INFO Looking for @ControllerAdvice: org.springframework.boot.web.servlet.context.AnnotationConfigServletWebServerApplicationContext@28194a50: startup date [Fri Nov 01 00:02:38 IST 2019]; root of context hierarchy
2019-11-01 00:02:40 INFO Mapped "{[/v1/health/getHealthInLastFiveMinutes],methods=[GET]}" onto public com.sauselabs.codingTest.model.HealthReport com.sauselabs.codingTest.controller.HealthCheckMonitorController.getHealthInLastFiveMinutes()
2019-11-01 00:02:40 INFO Mapped "{[/error]}" onto public org.springframework.http.ResponseEntity<java.util.Map<java.lang.String, java.lang.Object>> org.springframework.boot.autoconfigure.web.servlet.error.BasicErrorController.error(javax.servlet.http.HttpServletRequest)
2019-11-01 00:02:40 INFO Mapped "{[/error],produces=[text/html]}" onto public org.springframework.web.servlet.ModelAndView org.springframework.boot.autoconfigure.web.servlet.error.BasicErrorController.errorHtml(javax.servlet.http.HttpServletRequest,javax.servlet.http.HttpServletResponse)
2019-11-01 00:02:40 INFO Mapped URL path [/webjars/**] onto handler of type [class org.springframework.web.servlet.resource.ResourceHttpRequestHandler]
2019-11-01 00:02:40 INFO Mapped URL path [/**] onto handler of type [class org.springframework.web.servlet.resource.ResourceHttpRequestHandler]
2019-11-01 00:02:40 INFO Mapped URL path [/**/favicon.ico] onto handler of type [class org.springframework.web.servlet.resource.ResourceHttpRequestHandler]
2019-11-01 00:02:40 INFO Registering beans for JMX exposure on startup
2019-11-01 00:02:40 INFO No TaskScheduler/ScheduledExecutorService bean found for scheduled processing
2019-11-01 00:02:40 INFO Starting ProtocolHandler ["http-nio-8080"]
2019-11-01 00:02:40 INFO Using a shared selector for servlet write/read
2019-11-01 00:02:40 INFO Tomcat started on port(s): 8080 (http) with context path ''
2019-11-01 00:02:40 INFO 2019-11-01T00:02:40.658 http://localhost:12345 200 Success
2019-11-01 00:02:40 INFO Started CodingTestApplication in 2.834 seconds (JVM running for 3.274)
2019-11-01 00:02:41 ERROR 2019-11-01T00:02:41.165 http://localhost:12345 500 Failed
2019-11-01 00:02:41 INFO 2019-11-01T00:02:41.669 http://localhost:12345 200 Success
2019-11-01 00:02:42 ERROR 2019-11-01T00:02:42.173 http://localhost:12345 500 Failed
2019-11-01 00:02:42 INFO 2019-11-01T00:02:42.676 http://localhost:12345 200 Success
2019-11-01 00:02:43 INFO 2019-11-01T00:02:43.179 http://localhost:12345 200 Success
2019-11-01 00:02:43 INFO 2019-11-01T00:02:43.682 http://localhost:12345 200 Success
2019-11-01 00:02:44 ERROR 2019-11-01T00:02:44.185 http://localhost:12345 500 Failed
2019-11-01 00:02:44 INFO 2019-11-01T00:02:44.688 http://localhost:12345 200 Success
2019-11-01 00:02:45 ERROR 2019-11-01T00:02:45.192 http://localhost:12345 500 Failed
2019-11-01 00:02:45 INFO 2019-11-01T00:02:45.694 http://localhost:12345 200 Success
2019-11-01 00:02:46 INFO 2019-11-01T00:02:46.198 http://localhost:12345 200 Success
2019-11-01 00:02:46 ERROR 2019-11-01T00:02:46.701 http://localhost:12345 500 Failed
2019-11-01 00:02:47 ERROR 2019-11-01T00:02:47.204 http://localhost:12345 500 Failed
2019-11-01 00:02:47 INFO 2019-11-01T00:02:47.706 http://localhost:12345 200 Success
2019-11-01 00:02:48 ERROR 2019-11-01T00:02:48.211 http://localhost:12345 500 Failed
2019-11-01 00:02:48 INFO 2019-11-01T00:02:48.714 http://localhost:12345 200 Success
2019-11-01 00:02:49 INFO 2019-11-01T00:02:49.217 http://localhost:12345 200 Success
2019-11-01 00:02:49 INFO 2019-11-01T00:02:49.720 http://localhost:12345 200 Success
2019-11-01 00:02:50 INFO 2019-11-01T00:02:50.223 http://localhost:12345 200 Success
2019-11-01 00:02:50 INFO 2019-11-01T00:02:50.726 http://localhost:12345 200 Success
2019-11-01 00:02:51 ERROR 2019-11-01T00:02:51.231 http://localhost:12345 500 Failed
2019-11-01 00:02:51 INFO 2019-11-01T00:02:51.734 http://localhost:12345 200 Success
2019-11-01 00:02:52 ERROR 2019-11-01T00:02:52.238 http://localhost:12345 500 Failed
2019-11-01 00:02:52 ERROR 2019-11-01T00:02:52.743 http://localhost:12345 500 Failed
2019-11-01 00:02:53 INFO 2019-11-01T00:02:53.246 http://localhost:12345 200 Success
2019-11-01 00:02:53 INFO 2019-11-01T00:02:53.749 http://localhost:12345 200 Success
2019-11-01 00:02:54 INFO 2019-11-01T00:02:54.252 http://localhost:12345 200 Success
2019-11-01 00:02:54 INFO 2019-11-01T00:02:54.755 http://localhost:12345 200 Success
2019-11-01 00:02:55 ERROR 2019-11-01T00:02:55.258 http://localhost:12345 500 Failed
2019-11-01 00:02:55 INFO 2019-11-01T00:02:55.761 http://localhost:12345 200 Success
2019-11-01 00:02:56 INFO 2019-11-01T00:02:56.264 http://localhost:12345 200 Success
2019-11-01 00:02:56 INFO 2019-11-01T00:02:56.767 http://localhost:12345 200 Success
2019-11-01 00:02:57 INFO 2019-11-01T00:02:57.270 http://localhost:12345 200 Success
2019-11-01 00:02:57 INFO 2019-11-01T00:02:57.773 http://localhost:12345 200 Success
2019-11-01 00:02:58 INFO 2019-11-01T00:02:58.276 http://localhost:12345 200 Success
2019-11-01 00:02:58 INFO 2019-11-01T00:02:58.779 http://localhost:12345 200 Success
2019-11-01 00:02:59 INFO 2019-11-01T00:02:59.282 http://localhost:12345 200 Success
2019-11-01 00:02:59 INFO 2019-11-01T00:02:59.785 http://localhost:12345 200 Success
2019-11-01 00:03:06 INFO Report: HealthReport{failed_count=11, success_count=28, un_available_count=0}
2019-11-01 00:03:09 ERROR 2019-11-01T00:03:09.762 http://localhost:12345 500 Failed
2019-11-01 00:03:10 INFO 2019-11-01T00:03:10.265 http://localhost:12345 200 Success
2019-11-01 00:03:10 INFO 2019-11-01T00:03:10.768 http://localhost:12345 200 Success
2019-11-01 00:03:11 ERROR 2019-11-01T00:03:11.273 http://localhost:12345 500 Failed
2019-11-01 00:03:11 INFO 2019-11-01T00:03:11.776 http://localhost:12345 200 Success
2019-11-01 00:03:12 INFO 2019-11-01T00:03:12.279 http://localhost:12345 200 Success
2019-11-01 00:03:12 INFO 2019-11-01T00:03:12.782 http://localhost:12345 200 Success
2019-11-01 00:03:13 INFO 2019-11-01T00:03:13.285 http://localhost:12345 200 Success
2019-11-01 00:03:13 ERROR 2019-11-01T00:03:13.790 http://localhost:12345 500 Failed
2019-11-01 00:03:14 INFO 2019-11-01T00:03:14.293 http://localhost:12345 200 Success
2019-11-01 00:03:14 INFO 2019-11-01T00:03:14.796 http://localhost:12345 200 Success
2019-11-01 00:03:15 INFO 2019-11-01T00:03:15.299 http://localhost:12345 200 Success
2019-11-01 00:03:15 ERROR 2019-11-01T00:03:15.804 http://localhost:12345 500 Failed
2019-11-01 00:03:16 ERROR 2019-11-01T00:03:16.308 http://localhost:12345 500 Failed
2019-11-01 00:03:16 INFO 2019-11-01T00:03:16.811 http://localhost:12345 200 Success
2019-11-01 00:03:17 INFO 2019-11-01T00:03:17.314 http://localhost:12345 200 Success
2019-11-01 00:03:17 INFO 2019-11-01T00:03:17.817 http://localhost:12345 200 Success
2019-11-01 00:03:18 INFO 2019-11-01T00:03:18.320 http://localhost:12345 200 Success
2019-11-01 00:03:18 ERROR 2019-11-01T00:03:18.824 http://localhost:12345 500 Failed
2019-11-01 00:03:19 INFO 2019-11-01T00:03:19.327 http://localhost:12345 200 Success
2019-11-01 00:03:19 INFO 2019-11-01T00:03:19.830 http://localhost:12345 200 Success
2019-11-01 00:03:20 ERROR 2019-11-01T00:03:20.335 http://localhost:12345 500 Failed
2019-11-01 00:03:20 ERROR 2019-11-01T00:03:20.840 http://localhost:12345 500 Failed
2019-11-01 00:03:21 INFO 2019-11-01T00:03:21.343 http://localhost:12345 200 Success
2019-11-01 00:03:21 INFO 2019-11-01T00:03:21.846 http://localhost:12345 200 Success
2019-11-01 00:03:22 INFO 2019-11-01T00:03:22.349 http://localhost:12345 200 Success
2019-11-01 00:03:22 ERROR 2019-11-01T00:03:22.854 http://localhost:12345 500 Failed
2019-11-01 00:03:23 INFO 2019-11-01T00:03:23.356 http://localhost:12345 200 Success
2019-11-01 00:03:23 INFO 2019-11-01T00:03:23.859 http://localhost:12345 200 Success
2019-11-01 00:03:24 INFO 2019-11-01T00:03:24.362 http://localhost:12345 200 Success
2019-11-01 00:03:24 INFO 2019-11-01T00:03:24.865 http://localhost:12345 200 Success
2019-11-01 00:03:25 INFO 2019-11-01T00:03:25.368 http://localhost:12345 200 Success
2019-11-01 00:03:25 INFO 2019-11-01T00:03:25.871 http://localhost:12345 200 Success
2019-11-01 00:03:26 INFO 2019-11-01T00:03:26.374 http://localhost:12345 200 Success
2019-11-01 00:03:26 INFO 2019-11-01T00:03:26.877 http://localhost:12345 200 Success
2019-11-01 00:03:27 INFO 2019-11-01T00:03:27.380 http://localhost:12345 200 Success
2019-11-01 00:03:27 INFO 2019-11-01T00:03:27.883 http://localhost:12345 200 Success
2019-11-01 00:03:28 INFO 2019-11-01T00:03:28.385 http://localhost:12345 200 Success
2019-11-01 00:03:28 INFO 2019-11-01T00:03:28.888 http://localhost:12345 200 Success
2019-11-01 00:03:29 INFO 2019-11-01T00:03:29.391 http://localhost:12345 200 Success
2019-11-01 00:03:29 INFO 2019-11-01T00:03:29.894 http://localhost:12345 200 Success
2019-11-01 00:03:30 ERROR 2019-11-01T00:03:30.398 http://localhost:12345 500 Failed
2019-11-01 00:03:30 INFO 2019-11-01T00:03:30.900 http://localhost:12345 200 Success
2019-11-01 00:03:31 INFO 2019-11-01T00:03:31.403 http://localhost:12345 200 Success
2019-11-01 00:03:31 INFO 2019-11-01T00:03:31.906 http://localhost:12345 200 Success
2019-11-01 00:03:32 INFO 2019-11-01T00:03:32.409 http://localhost:12345 200 Success
2019-11-01 00:03:32 INFO 2019-11-01T00:03:32.912 http://localhost:12345 200 Success
2019-11-01 00:03:33 ERROR 2019-11-01T00:03:33.417 http://localhost:12345 500 Failed
2019-11-01 00:03:33 INFO 2019-11-01T00:03:33.919 http://localhost:12345 200 Success
2019-11-01 00:03:34 INFO 2019-11-01T00:03:34.422 http://localhost:12345 200 Success
2019-11-01 00:03:34 ERROR 2019-11-01T00:03:34.926 http://localhost:12345 500 Failed
2019-11-01 00:03:35 INFO 2019-11-01T00:03:35.429 http://localhost:12345 200 Success
2019-11-01 00:03:35 INFO 2019-11-01T00:03:35.931 http://localhost:12345 200 Success
2019-11-01 00:03:36 INFO 2019-11-01T00:03:36.434 http://localhost:12345 200 Success
2019-11-01 00:03:36 ERROR 2019-11-01T00:03:36.939 http://localhost:12345 500 Failed
2019-11-01 00:03:37 INFO 2019-11-01T00:03:37.442 http://localhost:12345 200 Success
2019-11-01 00:03:37 INFO 2019-11-01T00:03:37.944 http://localhost:12345 200 Success
2019-11-01 00:03:38 ERROR 2019-11-01T00:03:38.448 http://localhost:12345 500 Failed
2019-11-01 00:03:38 INFO 2019-11-01T00:03:38.951 http://localhost:12345 200 Success
2019-11-01 00:03:39 INFO 2019-11-01T00:03:39.454 http://localhost:12345 200 Success
2019-11-01 00:03:39 INFO 2019-11-01T00:03:39.957 http://localhost:12345 200 Success
2019-11-01 00:03:40 INFO 2019-11-01T00:03:40.460 http://localhost:12345 200 Success
2019-11-01 00:03:40 INFO 2019-11-01T00:03:40.962 http://localhost:12345 200 Success
2019-11-01 00:03:41 INFO 2019-11-01T00:03:41.465 http://localhost:12345 200 Success
2019-11-01 00:03:41 INFO 2019-11-01T00:03:41.968 http://localhost:12345 200 Success
2019-11-01 00:03:42 INFO 2019-11-01T00:03:42.470 http://localhost:12345 200 Success
2019-11-01 00:03:42 INFO 2019-11-01T00:03:42.973 http://localhost:12345 200 Success
2019-11-01 00:03:43 INFO 2019-11-01T00:03:43.475 http://localhost:12345 200 Success
2019-11-01 00:03:43 INFO 2019-11-01T00:03:43.978 http://localhost:12345 200 Success
2019-11-01 00:03:44 INFO 2019-11-01T00:03:44.480 http://localhost:12345 200 Success
2019-11-01 00:03:44 INFO 2019-11-01T00:03:44.982 http://localhost:12345 200 Success
2019-11-01 00:03:45 ERROR 2019-11-01T00:03:45.486 http://localhost:12345 500 Failed
2019-11-01 00:03:45 INFO 2019-11-01T00:03:45.988 http://localhost:12345 200 Success
2019-11-01 00:03:46 ERROR 2019-11-01T00:03:46.492 http://localhost:12345 500 Failed
2019-11-01 00:03:46 ERROR 2019-11-01T00:03:46.995 http://localhost:12345 500 Failed
2019-11-01 00:03:47 INFO 2019-11-01T00:03:47.498 http://localhost:12345 200 Success
2019-11-01 00:03:48 INFO 2019-11-01T00:03:48 http://localhost:12345 200 Success
2019-11-01 00:03:48 INFO 2019-11-01T00:03:48.502 http://localhost:12345 200 Success
2019-11-01 00:03:49 INFO 2019-11-01T00:03:49.005 http://localhost:12345 200 Success
2019-11-01 00:03:49 ERROR 2019-11-01T00:03:49.509 http://localhost:12345 500 Failed
2019-11-01 00:03:50 INFO 2019-11-01T00:03:50.012 http://localhost:12345 200 Success
2019-11-01 00:03:50 INFO 2019-11-01T00:03:50.515 http://localhost:12345 200 Success
2019-11-01 00:03:51 INFO 2019-11-01T00:03:51.018 http://localhost:12345 200 Success
2019-11-01 00:03:51 INFO 2019-11-01T00:03:51.520 http://localhost:12345 200 Success
2019-11-01 00:03:52 INFO 2019-11-01T00:03:52.022 http://localhost:12345 200 Success
2019-11-01 00:03:52 INFO 2019-11-01T00:03:52.525 http://localhost:12345 200 Success
2019-11-01 00:03:53 INFO 2019-11-01T00:03:53.027 http://localhost:12345 200 Success
2019-11-01 00:03:53 INFO 2019-11-01T00:03:53.530 http://localhost:12345 200 Success
2019-11-01 00:03:54 INFO 2019-11-01T00:03:54.034 http://localhost:12345 200 Success
2019-11-01 00:03:54 INFO 2019-11-01T00:03:54.537 http://localhost:12345 200 Success
2019-11-01 00:03:55 INFO 2019-11-01T00:03:55.040 http://localhost:12345 200 Success
2019-11-01 00:03:55 INFO 2019-11-01T00:03:55.542 http://localhost:12345 200 Success
2019-11-01 00:03:56 INFO 2019-11-01T00:03:56.044 http://localhost:12345 200 Success
2019-11-01 00:03:56 INFO 2019-11-01T00:03:56.547 http://localhost:12345 200 Success
2019-11-01 00:03:57 INFO 2019-11-01T00:03:57.049 http://localhost:12345 200 Success
2019-11-01 00:03:57 INFO 2019-11-01T00:03:57.552 http://localhost:12345 200 Success
2019-11-01 00:03:58 INFO 2019-11-01T00:03:58.054 http://localhost:12345 200 Success
2019-11-01 00:03:58 INFO 2019-11-01T00:03:58.557 http://localhost:12345 200 Success
2019-11-01 00:03:59 INFO 2019-11-01T00:03:59.060 http://localhost:12345 200 Success
2019-11-01 00:03:59 INFO 2019-11-01T00:03:59.562 http://localhost:12345 200 Success
2019-11-01 00:04:17 INFO Report: HealthReport{failed_count=29, success_count=110, un_available_count=0}
2019-11-01 00:04:25 ERROR 2019-11-01T00:04:25.668 http://localhost:12345 500 Failed
2019-11-01 00:04:26 ERROR 2019-11-01T00:04:26.172 http://localhost:12345 500 Failed
2019-11-01 00:04:26 ERROR 2019-11-01T00:04:26.676 http://localhost:12345 500 Failed
2019-11-01 00:04:27 INFO 2019-11-01T00:04:27.179 http://localhost:12345 200 Success
2019-11-01 00:04:27 INFO 2019-11-01T00:04:27.681 http://localhost:12345 200 Success
2019-11-01 00:04:28 INFO 2019-11-01T00:04:28.184 http://localhost:12345 200 Success
2019-11-01 00:04:28 INFO 2019-11-01T00:04:28.686 http://localhost:12345 200 Success
2019-11-01 00:04:29 INFO 2019-11-01T00:04:29.189 http://localhost:12345 200 Success
2019-11-01 00:04:29 INFO 2019-11-01T00:04:29.691 http://localhost:12345 200 Success
2019-11-01 00:04:30 INFO 2019-11-01T00:04:30.194 http://localhost:12345 200 Success
2019-11-01 00:04:30 ERROR 2019-11-01T00:04:30.698 http://localhost:12345 500 Failed
2019-11-01 00:04:31 ERROR 2019-11-01T00:04:31.203 http://localhost:12345 500 Failed
2019-11-01 00:04:31 INFO 2019-11-01T00:04:31.705 http://localhost:12345 200 Success
2019-11-01 00:04:32 ERROR 2019-11-01T00:04:32.209 http://localhost:12345 500 Failed
2019-11-01 00:04:32 INFO 2019-11-01T00:04:32.711 http://localhost:12345 200 Success
2019-11-01 00:04:33 ERROR 2019-11-01T00:04:33.215 http://localhost:12345 500 Failed
2019-11-01 00:04:33 INFO 2019-11-01T00:04:33.718 http://localhost:12345 200 Success
2019-11-01 00:04:34 INFO 2019-11-01T00:04:34.221 http://localhost:12345 200 Success
2019-11-01 00:04:34 INFO 2019-11-01T00:04:34.723 http://localhost:12345 200 Success
2019-11-01 00:04:35 ERROR 2019-11-01T00:04:35.227 http://localhost:12345 500 Failed
2019-11-01 00:04:35 ERROR 2019-11-01T00:04:35.731 http://localhost:12345 500 Failed
2019-11-01 00:04:36 INFO 2019-11-01T00:04:36.234 http://localhost:12345 200 Success
2019-11-01 00:04:36 ERROR 2019-11-01T00:04:36.738 http://localhost:12345 500 Failed
2019-11-01 00:04:37 ERROR 2019-11-01T00:04:37.242 http://localhost:12345 500 Failed
2019-11-01 00:04:37 INFO 2019-11-01T00:04:37.745 http://localhost:12345 200 Success
2019-11-01 00:04:38 INFO 2019-11-01T00:04:38.247 http://localhost:12345 200 Success
2019-11-01 00:04:38 INFO 2019-11-01T00:04:38.749 http://localhost:12345 200 Success
2019-11-01 00:04:39 INFO 2019-11-01T00:04:39.252 http://localhost:12345 200 Success
2019-11-01 00:04:39 INFO 2019-11-01T00:04:39.754 http://localhost:12345 200 Success
2019-11-01 00:04:40 ERROR 2019-11-01T00:04:40.258 http://localhost:12345 500 Failed
2019-11-01 00:04:40 INFO 2019-11-01T00:04:40.760 http://localhost:12345 200 Success
2019-11-01 00:04:41 INFO 2019-11-01T00:04:41.263 http://localhost:12345 200 Success
2019-11-01 00:04:41 INFO 2019-11-01T00:04:41.766 http://localhost:12345 200 Success
2019-11-01 00:04:42 ERROR 2019-11-01T00:04:42.270 http://localhost:12345 500 Failed
2019-11-01 00:04:42 INFO 2019-11-01T00:04:42.772 http://localhost:12345 200 Success
2019-11-01 00:04:43 INFO 2019-11-01T00:04:43.274 http://localhost:12345 200 Success
2019-11-01 00:04:43 INFO 2019-11-01T00:04:43.777 http://localhost:12345 200 Success
2019-11-01 00:04:44 ERROR 2019-11-01T00:04:44.281 http://localhost:12345 500 Failed
2019-11-01 00:04:44 INFO 2019-11-01T00:04:44.783 http://localhost:12345 200 Success
2019-11-01 00:04:45 INFO 2019-11-01T00:04:45.285 http://localhost:12345 200 Success
2019-11-01 00:04:45 INFO 2019-11-01T00:04:45.788 http://localhost:12345 200 Success
2019-11-01 00:04:46 ERROR 2019-11-01T00:04:46.291 http://localhost:12345 500 Failed
2019-11-01 00:04:46 INFO 2019-11-01T00:04:46.793 http://localhost:12345 200 Success
2019-11-01 00:04:47 ERROR 2019-11-01T00:04:47.297 http://localhost:12345 500 Failed
2019-11-01 00:04:47 ERROR 2019-11-01T00:04:47.802 http://localhost:12345 500 Failed
2019-11-01 00:04:48 ERROR 2019-11-01T00:04:48.306 http://localhost:12345 500 Failed
2019-11-01 00:04:48 INFO 2019-11-01T00:04:48.808 http://localhost:12345 200 Success
2019-11-01 00:04:49 ERROR 2019-11-01T00:04:49.312 http://localhost:12345 500 Failed
2019-11-01 00:04:49 INFO 2019-11-01T00:04:49.814 http://localhost:12345 200 Success
2019-11-01 00:04:50 INFO 2019-11-01T00:04:50.316 http://localhost:12345 200 Success
2019-11-01 00:04:50 INFO 2019-11-01T00:04:50.818 http://localhost:12345 200 Success
2019-11-01 00:04:51 ERROR 2019-11-01T00:04:51.322 http://localhost:12345 500 Failed
2019-11-01 00:04:51 INFO 2019-11-01T00:04:51.825 http://localhost:12345 200 Success
2019-11-01 00:04:52 INFO 2019-11-01T00:04:52.327 http://localhost:12345 200 Success
2019-11-01 00:04:52 INFO 2019-11-01T00:04:52.830 http://localhost:12345 200 Success
2019-11-01 00:04:53 INFO 2019-11-01T00:04:53.332 http://localhost:12345 200 Success
2019-11-01 00:04:53 ERROR 2019-11-01T00:04:53.836 http://localhost:12345 500 Failed
2019-11-01 00:04:54 INFO 2019-11-01T00:04:54.338 http://localhost:12345 200 Success
2019-11-01 00:04:54 ERROR 2019-11-01T00:04:54.842 http://localhost:12345 500 Failed
2019-11-01 00:04:55 ERROR 2019-11-01T00:04:55.346 http://localhost:12345 500 Failed
2019-11-01 00:04:55 INFO 2019-11-01T00:04:55.849 http://localhost:12345 200 Success
2019-11-01 00:04:56 INFO 2019-11-01T00:04:56.351 http://localhost:12345 200 Success
2019-11-01 00:04:56 INFO 2019-11-01T00:04:56.854 http://localhost:12345 200 Success
2019-11-01 00:04:57 INFO 2019-11-01T00:04:57.356 http://localhost:12345 200 Success
2019-11-01 00:04:57 ERROR 2019-11-01T00:04:57.860 http://localhost:12345 500 Failed
2019-11-01 00:04:58 INFO 2019-11-01T00:04:58.362 http://localhost:12345 200 Success
2019-11-01 00:04:58 INFO 2019-11-01T00:04:58.864 http://localhost:12345 200 Success
2019-11-01 00:04:59 INFO 2019-11-01T00:04:59.367 http://localhost:12345 200 Success
2019-11-01 00:04:59 INFO 2019-11-01T00:04:59.870 http://localhost:12345 200 Success
2019-11-01 00:05:00 INFO Report: HealthReport{failed_count=53, success_count=155, un_available_count=0}
2019-11-01 00:05:00 ERROR 2019-11-01T00:05:00.373 http://localhost:12345 500 Failed
2019-11-01 00:05:00 INFO 2019-11-01T00:05:00.876 http://localhost:12345 200 Success
2019-11-01 00:05:01 INFO 2019-11-01T00:05:01.378 http://localhost:12345 200 Success
2019-11-01 00:05:01 ERROR 2019-11-01T00:05:01.880 http://localhost:12345 500 Failed
2019-11-01 00:05:02 INFO 2019-11-01T00:05:02.383 http://localhost:12345 200 Success
2019-11-01 00:05:02 ERROR 2019-11-01T00:05:02.887 http://localhost:12345 500 Failed
2019-11-01 00:05:03 ERROR 2019-11-01T00:05:03.389 http://localhost:12345 500 Failed
2019-11-01 00:05:03 ERROR 2019-11-01T00:05:03.893 http://localhost:12345 500 Failed
2019-11-01 00:05:04 ERROR 2019-11-01T00:05:04.397 http://localhost:12345 500 Failed
2019-11-01 00:05:04 ERROR 2019-11-01T00:05:04.900 http://localhost:12345 500 Failed
2019-11-01 00:05:05 INFO 2019-11-01T00:05:05.403 http://localhost:12345 200 Success
2019-11-01 00:05:05 INFO 2019-11-01T00:05:05.905 http://localhost:12345 200 Success
2019-11-01 00:05:06 INFO 2019-11-01T00:05:06.407 http://localhost:12345 200 Success
2019-11-01 00:05:06 INFO 2019-11-01T00:05:06.910 http://localhost:12345 200 Success
2019-11-01 00:05:07 INFO 2019-11-01T00:05:07.412 http://localhost:12345 200 Success
2019-11-01 00:05:07 ERROR 2019-11-01T00:05:07.916 http://localhost:12345 500 Failed
2019-11-01 00:05:08 INFO 2019-11-01T00:05:08.418 http://localhost:12345 200 Success
2019-11-01 00:05:08 ERROR 2019-11-01T00:05:08.922 http://localhost:12345 500 Failed
2019-11-01 00:05:09 INFO 2019-11-01T00:05:09.425 http://localhost:12345 200 Success
2019-11-01 00:05:09 INFO 2019-11-01T00:05:09.927 http://localhost:12345 200 Success
2019-11-01 00:05:10 INFO 2019-11-01T00:05:10.430 http://localhost:12345 200 Success
2019-11-01 00:05:10 ERROR 2019-11-01T00:05:10.933 http://localhost:12345 500 Failed
2019-11-01 00:05:11 INFO 2019-11-01T00:05:11.436 http://localhost:12345 200 Success
2019-11-01 00:05:11 ERROR 2019-11-01T00:05:11.939 http://localhost:12345 500 Failed
2019-11-01 00:05:12 INFO 2019-11-01T00:05:12.442 http://localhost:12345 200 Success
2019-11-01 00:05:12 INFO 2019-11-01T00:05:12.944 http://localhost:12345 200 Success
2019-11-01 00:05:13 INFO 2019-11-01T00:05:13.446 http://localhost:12345 200 Success
2019-11-01 00:05:13 ERROR 2019-11-01T00:05:13.950 http://localhost:12345 500 Failed
2019-11-01 00:05:14 ERROR 2019-11-01T00:05:14.454 http://localhost:12345 500 Failed
2019-11-01 00:05:14 INFO 2019-11-01T00:05:14.956 http://localhost:12345 200 Success
2019-11-01 00:05:15 INFO 2019-11-01T00:05:15.458 http://localhost:12345 200 Success
2019-11-01 00:05:15 ERROR 2019-11-01T00:05:15.962 http://localhost:12345 500 Failed
2019-11-01 00:05:16 INFO 2019-11-01T00:05:16.465 http://localhost:12345 200 Success
2019-11-01 00:05:16 INFO 2019-11-01T00:05:16.966 http://localhost:12345 200 Success
2019-11-01 00:05:17 INFO 2019-11-01T00:05:17.469 http://localhost:12345 200 Success
2019-11-01 00:05:17 ERROR 2019-11-01T00:05:17.972 http://localhost:12345 500 Failed
2019-11-01 00:05:18 INFO 2019-11-01T00:05:18.475 http://localhost:12345 200 Success
2019-11-01 00:05:18 INFO 2019-11-01T00:05:18.977 http://localhost:12345 200 Success
2019-11-01 00:05:19 ERROR 2019-11-01T00:05:19.481 http://localhost:12345 500 Failed
2019-11-01 00:05:19 INFO 2019-11-01T00:05:19.983 http://localhost:12345 200 Success
2019-11-01 00:05:20 INFO 2019-11-01T00:05:20.485 http://localhost:12345 200 Success
2019-11-01 00:05:20 ERROR 2019-11-01T00:05:20.989 http://localhost:12345 500 Failed
2019-11-01 00:05:21 INFO 2019-11-01T00:05:21.492 http://localhost:12345 200 Success
2019-11-01 00:05:21 ERROR 2019-11-01T00:05:21.995 http://localhost:12345 500 Failed
2019-11-01 00:05:22 ERROR 2019-11-01T00:05:22.500 http://localhost:12345 500 Failed
2019-11-01 00:05:23 INFO 2019-11-01T00:05:23.003 http://localhost:12345 200 Success
2019-11-01 00:05:23 INFO 2019-11-01T00:05:23.506 http://localhost:12345 200 Success
2019-11-01 00:05:24 INFO 2019-11-01T00:05:24.009 http://localhost:12345 200 Success
2019-11-01 00:05:24 ERROR 2019-11-01T00:05:24.514 http://localhost:12345 500 Failed
2019-11-01 00:05:25 INFO 2019-11-01T00:05:25.016 http://localhost:12345 200 Success
2019-11-01 00:05:25 INFO 2019-11-01T00:05:25.519 http://localhost:12345 200 Success
2019-11-01 00:05:26 INFO 2019-11-01T00:05:26.021 http://localhost:12345 200 Success
2019-11-01 00:05:26 INFO 2019-11-01T00:05:26.523 http://localhost:12345 200 Success
2019-11-01 00:05:27 ERROR 2019-11-01T00:05:27.027 http://localhost:12345 500 Failed
2019-11-01 00:05:27 INFO 2019-11-01T00:05:27.529 http://localhost:12345 200 Success
2019-11-01 00:05:28 INFO 2019-11-01T00:05:28.031 http://localhost:12345 200 Success
2019-11-01 00:05:28 INFO 2019-11-01T00:05:28.533 http://localhost:12345 200 Success
2019-11-01 00:05:29 INFO 2019-11-01T00:05:29.035 http://localhost:12345 200 Success
2019-11-01 00:05:29 INFO 2019-11-01T00:05:29.538 http://localhost:12345 200 Success
2019-11-01 00:05:30 INFO 2019-11-01T00:05:30.040 http://localhost:12345 200 Success
2019-11-01 00:05:30 ERROR 2019-11-01T00:05:30.544 http://localhost:12345 500 Failed
2019-11-01 00:05:31 INFO 2019-11-01T00:05:31.046 http://localhost:12345 200 Success
2019-11-01 00:05:31 INFO 2019-11-01T00:05:31.548 http://localhost:12345 200 Success
2019-11-01 00:05:32 INFO 2019-11-01T00:05:32.050 http://localhost:12345 200 Success
2019-11-01 00:05:32 ERROR 2019-11-01T00:05:32.554 http://localhost:12345 500 Failed
2019-11-01 00:05:33 INFO 2019-11-01T00:05:33.057 http://localhost:12345 200 Success
2019-11-01 00:05:33 INFO 2019-11-01T00:05:33.559 http://localhost:12345 200 Success
2019-11-01 00:05:34 INFO 2019-11-01T00:05:34.061 http://localhost:12345 200 Success
2019-11-01 00:05:34 ERROR 2019-11-01T00:05:34.564 http://localhost:12345 500 Failed
2019-11-01 00:05:35 INFO 2019-11-01T00:05:35.066 http://localhost:12345 200 Success
2019-11-01 00:05:35 INFO 2019-11-01T00:05:35.569 http://localhost:12345 200 Success
2019-11-01 00:05:36 ERROR 2019-11-01T00:05:36.073 http://localhost:12345 500 Failed
2019-11-01 00:05:36 INFO 2019-11-01T00:05:36.575 http://localhost:12345 200 Success
2019-11-01 00:05:37 INFO 2019-11-01T00:05:37.078 http://localhost:12345 200 Success
2019-11-01 00:05:37 INFO 2019-11-01T00:05:37.580 http://localhost:12345 200 Success
2019-11-01 00:05:38 INFO 2019-11-01T00:05:38.082 http://localhost:12345 200 Success
2019-11-01 00:05:38 INFO 2019-11-01T00:05:38.584 http://localhost:12345 200 Success
2019-11-01 00:05:39 INFO 2019-11-01T00:05:39.086 http://localhost:12345 200 Success
2019-11-01 00:05:39 INFO 2019-11-01T00:05:39.589 http://localhost:12345 200 Success
2019-11-01 00:05:40 INFO 2019-11-01T00:05:40.091 http://localhost:12345 200 Success
2019-11-01 00:05:40 INFO 2019-11-01T00:05:40.593 http://localhost:12345 200 Success
2019-11-01 00:05:41 ERROR 2019-11-01T00:05:41.097 http://localhost:12345 500 Failed
2019-11-01 00:05:41 INFO 2019-11-01T00:05:41.599 http://localhost:12345 200 Success
2019-11-01 00:05:42 INFO 2019-11-01T00:05:42.102 http://localhost:12345 200 Success
2019-11-01 00:05:42 ERROR 2019-11-01T00:05:42.605 http://localhost:12345 500 Failed
2019-11-01 00:05:43 ERROR 2019-11-01T00:05:43.109 http://localhost:12345 500 Failed
2019-11-01 00:05:43 INFO 2019-11-01T00:05:43.611 http://localhost:12345 200 Success
2019-11-01 00:05:44 INFO 2019-11-01T00:05:44.113 http://localhost:12345 200 Success
2019-11-01 00:05:44 ERROR 2019-11-01T00:05:44.617 http://localhost:12345 500 Failed
2019-11-01 00:05:45 ERROR 2019-11-01T00:05:45.120 http://localhost:12345 500 Failed
2019-11-01 00:05:45 INFO 2019-11-01T00:05:45.623 http://localhost:12345 200 Success
2019-11-01 00:05:46 INFO 2019-11-01T00:05:46.125 http://localhost:12345 200 Success
2019-11-01 00:05:46 INFO 2019-11-01T00:05:46.627 http://localhost:12345 200 Success
2019-11-01 00:05:47 INFO 2019-11-01T00:05:47.129 http://localhost:12345 200 Success
2019-11-01 00:05:47 INFO 2019-11-01T00:05:47.632 http://localhost:12345 200 Success
2019-11-01 00:05:48 INFO 2019-11-01T00:05:48.134 http://localhost:12345 200 Success
2019-11-01 00:05:48 ERROR 2019-11-01T00:05:48.638 http://localhost:12345 500 Failed
2019-11-01 00:05:49 ERROR 2019-11-01T00:05:49.141 http://localhost:12345 500 Failed
2019-11-01 00:05:49 INFO 2019-11-01T00:05:49.644 http://localhost:12345 200 Success
2019-11-01 00:05:50 INFO 2019-11-01T00:05:50.146 http://localhost:12345 200 Success
2019-11-01 00:05:50 INFO 2019-11-01T00:05:50.648 http://localhost:12345 200 Success
2019-11-01 00:05:51 INFO 2019-11-01T00:05:51.150 http://localhost:12345 200 Success
2019-11-01 00:05:51 INFO 2019-11-01T00:05:51.653 http://localhost:12345 200 Success
2019-11-01 00:05:52 ERROR 2019-11-01T00:05:52.156 http://localhost:12345 500 Failed
2019-11-01 00:05:52 INFO 2019-11-01T00:05:52.658 http://localhost:12345 200 Success
2019-11-01 00:05:53 INFO 2019-11-01T00:05:53.161 http://localhost:12345 200 Success
2019-11-01 00:05:53 INFO 2019-11-01T00:05:53.663 http://localhost:12345 200 Success
2019-11-01 00:05:54 INFO 2019-11-01T00:05:54.165 http://localhost:12345 200 Success
2019-11-01 00:05:54 INFO 2019-11-01T00:05:54.667 http://localhost:12345 200 Success
2019-11-01 00:05:55 ERROR 2019-11-01T00:05:55.171 http://localhost:12345 500 Failed
2019-11-01 00:05:55 INFO 2019-11-01T00:05:55.673 http://localhost:12345 200 Success
2019-11-01 00:05:56 INFO 2019-11-01T00:05:56.175 http://localhost:12345 200 Success
2019-11-01 00:05:56 INFO 2019-11-01T00:05:56.678 http://localhost:12345 200 Success
2019-11-01 00:05:57 ERROR 2019-11-01T00:05:57.181 http://localhost:12345 500 Failed
2019-11-01 00:05:57 INFO 2019-11-01T00:05:57.683 http://localhost:12345 200 Success
2019-11-01 00:05:58 ERROR 2019-11-01T00:05:58.187 http://localhost:12345 500 Failed
2019-11-01 00:05:58 ERROR 2019-11-01T00:05:58.691 http://localhost:12345 500 Failed
2019-11-01 00:05:59 INFO 2019-11-01T00:05:59.193 http://localhost:12345 200 Success
2019-11-01 00:05:59 INFO 2019-11-01T00:05:59.695 http://localhost:12345 200 Success
2019-11-01 00:06:00 INFO Report: HealthReport{failed_count=90, success_count=237, un_available_count=0}
2019-11-01 00:06:00 INFO 2019-11-01T00:06:00.198 http://localhost:12345 200 Success
2019-11-01 00:06:00 INFO 2019-11-01T00:06:00.700 http://localhost:12345 200 Success
2019-11-01 00:06:01 INFO 2019-11-01T00:06:01.202 http://localhost:12345 200 Success
2019-11-01 00:06:01 INFO 2019-11-01T00:06:01.703 http://localhost:12345 200 Success
2019-11-01 00:06:02 INFO 2019-11-01T00:06:02.206 http://localhost:12345 200 Success
2019-11-01 00:06:02 INFO 2019-11-01T00:06:02.708 http://localhost:12345 200 Success
2019-11-01 00:06:03 INFO 2019-11-01T00:06:03.210 http://localhost:12345 200 Success
2019-11-01 00:06:03 INFO 2019-11-01T00:06:03.712 http://localhost:12345 200 Success
2019-11-01 00:06:04 INFO 2019-11-01T00:06:04.214 http://localhost:12345 200 Success
2019-11-01 00:06:04 ERROR 2019-11-01T00:06:04.718 http://localhost:12345 500 Failed
2019-11-01 00:06:05 INFO 2019-11-01T00:06:05.220 http://localhost:12345 200 Success
2019-11-01 00:06:05 INFO 2019-11-01T00:06:05.722 http://localhost:12345 200 Success
2019-11-01 00:06:06 ERROR 2019-11-01T00:06:06.226 http://localhost:12345 500 Failed
2019-11-01 00:06:06 INFO 2019-11-01T00:06:06.727 http://localhost:12345 200 Success
2019-11-01 00:06:07 ERROR 2019-11-01T00:06:07.231 http://localhost:12345 500 Failed
2019-11-01 00:06:07 INFO 2019-11-01T00:06:07.733 http://localhost:12345 200 Success
2019-11-01 00:06:08 INFO 2019-11-01T00:06:08.236 http://localhost:12345 200 Success
2019-11-01 00:06:08 INFO 2019-11-01T00:06:08.738 http://localhost:12345 200 Success
2019-11-01 00:06:09 INFO 2019-11-01T00:06:09.240 http://localhost:12345 200 Success
2019-11-01 00:06:09 INFO 2019-11-01T00:06:09.742 http://localhost:12345 200 Success
2019-11-01 00:06:10 ERROR 2019-11-01T00:06:10.246 http://localhost:12345 500 Failed
2019-11-01 00:06:10 INFO 2019-11-01T00:06:10.748 http://localhost:12345 200 Success
2019-11-01 00:06:11 INFO 2019-11-01T00:06:11.251 http://localhost:12345 200 Success
2019-11-01 00:06:11 INFO 2019-11-01T00:06:11.753 http://localhost:12345 200 Success
2019-11-01 00:06:12 INFO 2019-11-01T00:06:12.255 http://localhost:12345 200 Success
2019-11-01 00:06:12 INFO 2019-11-01T00:06:12.757 http://localhost:12345 200 Success
2019-11-01 00:06:13 ERROR 2019-11-01T00:06:13.261 http://localhost:12345 500 Failed
2019-11-01 00:06:13 INFO 2019-11-01T00:06:13.763 http://localhost:12345 200 Success
2019-11-01 00:06:14 INFO 2019-11-01T00:06:14.265 http://localhost:12345 200 Success
2019-11-01 00:06:14 ERROR 2019-11-01T00:06:14.769 http://localhost:12345 500 Failed
2019-11-01 00:06:15 INFO 2019-11-01T00:06:15.271 http://localhost:12345 200 Success
2019-11-01 00:06:15 INFO 2019-11-01T00:06:15.773 http://localhost:12345 200 Success
2019-11-01 00:06:16 INFO 2019-11-01T00:06:16.275 http://localhost:12345 200 Success
2019-11-01 00:06:16 ERROR 2019-11-01T00:06:16.779 http://localhost:12345 500 Failed
2019-11-01 00:06:17 INFO 2019-11-01T00:06:17.281 http://localhost:12345 200 Success
2019-11-01 00:06:17 INFO 2019-11-01T00:06:17.782 http://localhost:12345 200 Success
2019-11-01 00:06:18 INFO 2019-11-01T00:06:18.285 http://localhost:12345 200 Success
2019-11-01 00:06:18 INFO 2019-11-01T00:06:18.787 http://localhost:12345 200 Success
2019-11-01 00:06:19 ERROR 2019-11-01T00:06:19.290 http://localhost:12345 500 Failed
2019-11-01 00:06:19 INFO 2019-11-01T00:06:19.792 http://localhost:12345 200 Success
2019-11-01 00:06:20 INFO 2019-11-01T00:06:20.294 http://localhost:12345 200 Success
2019-11-01 00:06:20 ERROR 2019-11-01T00:06:20.798 http://localhost:12345 500 Failed
2019-11-01 00:06:21 INFO 2019-11-01T00:06:21.300 http://localhost:12345 200 Success
2019-11-01 00:06:21 ERROR 2019-11-01T00:06:21.803 http://localhost:12345 500 Failed
2019-11-01 00:06:22 ERROR 2019-11-01T00:06:22.307 http://localhost:12345 500 Failed
2019-11-01 00:06:22 INFO 2019-11-01T00:06:22.809 http://localhost:12345 200 Success
2019-11-01 00:06:23 INFO 2019-11-01T00:06:23.311 http://localhost:12345 200 Success
2019-11-01 00:06:23 INFO 2019-11-01T00:06:23.813 http://localhost:12345 200 Success
2019-11-01 00:06:24 INFO 2019-11-01T00:06:24.315 http://localhost:12345 200 Success
2019-11-01 00:06:24 INFO 2019-11-01T00:06:24.817 http://localhost:12345 200 Success
2019-11-01 00:06:25 ERROR 2019-11-01T00:06:25.322 http://localhost:12345 500 Failed
2019-11-01 00:06:25 INFO 2019-11-01T00:06:25.824 http://localhost:12345 200 Success
2019-11-01 00:06:26 ERROR 2019-11-01T00:06:26.328 http://localhost:12345 500 Failed
2019-11-01 00:06:26 INFO 2019-11-01T00:06:26.830 http://localhost:12345 200 Success
2019-11-01 00:06:27 ERROR 2019-11-01T00:06:27.333 http://localhost:12345 500 Failed
2019-11-01 00:06:27 INFO 2019-11-01T00:06:27.836 http://localhost:12345 200 Success
2019-11-01 00:06:28 INFO 2019-11-01T00:06:28.338 http://localhost:12345 200 Success
2019-11-01 00:06:28 INFO 2019-11-01T00:06:28.841 http://localhost:12345 200 Success
2019-11-01 00:06:29 INFO 2019-11-01T00:06:29.343 http://localhost:12345 200 Success
2019-11-01 00:06:29 INFO 2019-11-01T00:06:29.845 http://localhost:12345 200 Success
2019-11-01 00:06:30 INFO 2019-11-01T00:06:30.347 http://localhost:12345 200 Success
2019-11-01 00:06:30 INFO 2019-11-01T00:06:30.849 http://localhost:12345 200 Success
2019-11-01 00:06:31 INFO 2019-11-01T00:06:31.351 http://localhost:12345 200 Success
2019-11-01 00:06:31 INFO 2019-11-01T00:06:31.853 http://localhost:12345 200 Success
2019-11-01 00:06:32 INFO 2019-11-01T00:06:32.355 http://localhost:12345 200 Success
2019-11-01 00:06:32 ERROR 2019-11-01T00:06:32.859 http://localhost:12345 500 Failed
2019-11-01 00:06:33 INFO 2019-11-01T00:06:33.361 http://localhost:12345 200 Success
2019-11-01 00:06:33 INFO 2019-11-01T00:06:33.863 http://localhost:12345 200 Success
2019-11-01 00:06:34 INFO 2019-11-01T00:06:34.366 http://localhost:12345 200 Success
2019-11-01 00:06:34 INFO 2019-11-01T00:06:34.868 http://localhost:12345 200 Success
2019-11-01 00:06:35 ERROR 2019-11-01T00:06:35.371 http://localhost:12345 500 Failed
2019-11-01 00:06:35 INFO 2019-11-01T00:06:35.873 http://localhost:12345 200 Success
2019-11-01 00:06:36 INFO 2019-11-01T00:06:36.376 http://localhost:12345 200 Success
2019-11-01 00:06:36 INFO 2019-11-01T00:06:36.878 http://localhost:12345 200 Success
2019-11-01 00:06:37 INFO 2019-11-01T00:06:37.380 http://localhost:12345 200 Success
2019-11-01 00:06:37 INFO 2019-11-01T00:06:37.882 http://localhost:12345 200 Success
2019-11-01 00:06:38 INFO 2019-11-01T00:06:38.385 http://localhost:12345 200 Success
2019-11-01 00:06:38 ERROR 2019-11-01T00:06:38.889 http://localhost:12345 500 Failed
2019-11-01 00:06:39 INFO 2019-11-01T00:06:39.391 http://localhost:12345 200 Success
2019-11-01 00:06:39 INFO 2019-11-01T00:06:39.893 http://localhost:12345 200 Success
2019-11-01 00:06:40 INFO 2019-11-01T00:06:40.395 http://localhost:12345 200 Success
2019-11-01 00:06:40 INFO 2019-11-01T00:06:40.897 http://localhost:12345 200 Success
2019-11-01 00:06:41 INFO 2019-11-01T00:06:41.399 http://localhost:12345 200 Success
2019-11-01 00:06:41 INFO 2019-11-01T00:06:41.901 http://localhost:12345 200 Success
2019-11-01 00:06:42 INFO 2019-11-01T00:06:42.403 http://localhost:12345 200 Success
2019-11-01 00:06:42 ERROR 2019-11-01T00:06:42.907 http://localhost:12345 500 Failed
2019-11-01 00:06:43 INFO 2019-11-01T00:06:43.409 http://localhost:12345 200 Success
2019-11-01 00:06:43 INFO 2019-11-01T00:06:43.911 http://localhost:12345 200 Success
2019-11-01 00:06:44 ERROR 2019-11-01T00:06:44.414 http://localhost:12345 500 Failed
2019-11-01 00:06:44 INFO 2019-11-01T00:06:44.916 http://localhost:12345 200 Success
2019-11-01 00:06:45 INFO 2019-11-01T00:06:45.419 http://localhost:12345 200 Success
2019-11-01 00:06:45 INFO 2019-11-01T00:06:45.921 http://localhost:12345 200 Success
2019-11-01 00:06:46 INFO 2019-11-01T00:06:46.423 http://localhost:12345 200 Success
2019-11-01 00:06:46 ERROR 2019-11-01T00:06:46.926 http://localhost:12345 500 Failed
2019-11-01 00:06:47 ERROR 2019-11-01T00:06:47.430 http://localhost:12345 500 Failed
2019-11-01 00:06:47 INFO 2019-11-01T00:06:47.932 http://localhost:12345 200 Success
2019-11-01 00:06:48 INFO 2019-11-01T00:06:48.434 http://localhost:12345 200 Success
2019-11-01 00:06:48 INFO 2019-11-01T00:06:48.936 http://localhost:12345 200 Success
2019-11-01 00:06:49 ERROR 2019-11-01T00:06:49.439 http://localhost:12345 500 Failed
2019-11-01 00:06:49 ERROR 2019-11-01T00:06:49.943 http://localhost:12345 500 Failed
2019-11-01 00:06:50 INFO 2019-11-01T00:06:50.445 http://localhost:12345 200 Success
2019-11-01 00:06:50 INFO 2019-11-01T00:06:50.947 http://localhost:12345 200 Success
2019-11-01 00:06:51 INFO 2019-11-01T00:06:51.449 http://localhost:12345 200 Success
2019-11-01 00:06:51 INFO 2019-11-01T00:06:51.951 http://localhost:12345 200 Success
2019-11-01 00:06:52 INFO 2019-11-01T00:06:52.453 http://localhost:12345 200 Success
2019-11-01 00:06:52 INFO 2019-11-01T00:06:52.955 http://localhost:12345 200 Success
2019-11-01 00:06:53 INFO 2019-11-01T00:06:53.457 http://localhost:12345 200 Success
2019-11-01 00:06:53 ERROR 2019-11-01T00:06:53.960 http://localhost:12345 500 Failed
2019-11-01 00:06:54 INFO 2019-11-01T00:06:54.462 http://localhost:12345 200 Success
2019-11-01 00:06:54 INFO 2019-11-01T00:06:54.964 http://localhost:12345 200 Success
2019-11-01 00:06:55 ERROR 2019-11-01T00:06:55.468 http://localhost:12345 500 Failed
2019-11-01 00:06:55 INFO 2019-11-01T00:06:55.970 http://localhost:12345 200 Success
2019-11-01 00:06:56 ERROR 2019-11-01T00:06:56.473 http://localhost:12345 500 Failed
2019-11-01 00:06:56 INFO 2019-11-01T00:06:56.975 http://localhost:12345 200 Success
2019-11-01 00:06:57 ERROR 2019-11-01T00:06:57.478 http://localhost:12345 500 Failed
2019-11-01 00:06:57 INFO 2019-11-01T00:06:57.980 http://localhost:12345 200 Success
2019-11-01 00:06:58 ERROR 2019-11-01T00:06:58.483 http://localhost:12345 500 Failed
2019-11-01 00:06:58 INFO 2019-11-01T00:06:58.985 http://localhost:12345 200 Success
2019-11-01 00:06:59 INFO 2019-11-01T00:06:59.487 http://localhost:12345 200 Success
2019-11-01 00:06:59 INFO 2019-11-01T00:06:59.988 http://localhost:12345 200 Success
2019-11-01 00:07:00 INFO Report: HealthReport{failed_count=118, success_count=329, un_available_count=0}
2019-11-01 00:07:00 INFO 2019-11-01T00:07:00.491 http://localhost:12345 200 Success
2019-11-01 00:07:00 INFO 2019-11-01T00:07:00.993 http://localhost:12345 200 Success
2019-11-01 00:07:01 ERROR 2019-11-01T00:07:01.495 http://localhost:12345 500 Failed
2019-11-01 00:07:01 INFO 2019-11-01T00:07:01.996 http://localhost:12345 200 Success
2019-11-01 00:07:02 INFO 2019-11-01T00:07:02.498 http://localhost:12345 200 Success
2019-11-01 00:07:03 INFO 2019-11-01T00:07:03 http://localhost:12345 200 Success
2019-11-01 00:07:03 ERROR 2019-11-01T00:07:03.503 http://localhost:12345 500 Failed
2019-11-01 00:07:04 INFO 2019-11-01T00:07:04.005 http://localhost:12345 200 Success
2019-11-01 00:07:04 ERROR 2019-11-01T00:07:04.508 http://localhost:12345 500 Failed
2019-11-01 00:07:05 INFO 2019-11-01T00:07:05.010 http://localhost:12345 200 Success
2019-11-01 00:07:05 INFO 2019-11-01T00:07:05.513 http://localhost:12345 200 Success
2019-11-01 00:07:06 ERROR 2019-11-01T00:07:06.016 http://localhost:12345 500 Failed
2019-11-01 00:07:06 ERROR 2019-11-01T00:07:06.520 http://localhost:12345 500 Failed
2019-11-01 00:07:07 INFO 2019-11-01T00:07:07.022 http://localhost:12345 200 Success
2019-11-01 00:07:07 ERROR 2019-11-01T00:07:07.526 http://localhost:12345 500 Failed
2019-11-01 00:07:08 INFO 2019-11-01T00:07:08.028 http://localhost:12345 200 Success
2019-11-01 00:07:08 ERROR 2019-11-01T00:07:08.531 http://localhost:12345 500 Failed
2019-11-01 00:07:09 INFO 2019-11-01T00:07:09.033 http://localhost:12345 200 Success
2019-11-01 00:07:09 INFO 2019-11-01T00:07:09.535 http://localhost:12345 200 Success
2019-11-01 00:07:10 INFO 2019-11-01T00:07:10.037 http://localhost:12345 200 Success
2019-11-01 00:07:10 INFO 2019-11-01T00:07:10.539 http://localhost:12345 200 Success
2019-11-01 00:07:11 ERROR 2019-11-01T00:07:11.043 http://localhost:12345 500 Failed
2019-11-01 00:07:11 INFO 2019-11-01T00:07:11.545 http://localhost:12345 200 Success
2019-11-01 00:07:12 INFO 2019-11-01T00:07:12.047 http://localhost:12345 200 Success
2019-11-01 00:07:12 INFO 2019-11-01T00:07:12.548 http://localhost:12345 200 Success
2019-11-01 00:07:13 ERROR 2019-11-01T00:07:13.052 http://localhost:12345 500 Failed
2019-11-01 00:07:13 INFO 2019-11-01T00:07:13.554 http://localhost:12345 200 Success
2019-11-01 00:07:14 ERROR 2019-11-01T00:07:14.056 http://localhost:12345 500 Failed
2019-11-01 00:07:14 INFO 2019-11-01T00:07:14.558 http://localhost:12345 200 Success
2019-11-01 00:07:15 INFO 2019-11-01T00:07:15.060 http://localhost:12345 200 Success
2019-11-01 00:07:15 ERROR 2019-11-01T00:07:15.563 http://localhost:12345 500 Failed
2019-11-01 00:07:16 INFO 2019-11-01T00:07:16.065 http://localhost:12345 200 Success
2019-11-01 00:07:16 INFO 2019-11-01T00:07:16.567 http://localhost:12345 200 Success
2019-11-01 00:07:17 ERROR 2019-11-01T00:07:17.070 http://localhost:12345 500 Failed
2019-11-01 00:07:17 INFO 2019-11-01T00:07:17.572 http://localhost:12345 200 Success
2019-11-01 00:07:18 INFO 2019-11-01T00:07:18.074 http://localhost:12345 200 Success
2019-11-01 00:07:18 INFO 2019-11-01T00:07:18.576 http://localhost:12345 200 Success
2019-11-01 00:07:19 INFO 2019-11-01T00:07:19.078 http://localhost:12345 200 Success
2019-11-01 00:07:19 ERROR 2019-11-01T00:07:19.581 http://localhost:12345 500 Failed
2019-11-01 00:07:20 INFO 2019-11-01T00:07:20.083 http://localhost:12345 200 Success
2019-11-01 00:07:20 ERROR 2019-11-01T00:07:20.586 http://localhost:12345 500 Failed
2019-11-01 00:07:21 INFO 2019-11-01T00:07:21.088 http://localhost:12345 200 Success
2019-11-01 00:07:21 ERROR 2019-11-01T00:07:21.591 http://localhost:12345 500 Failed
2019-11-01 00:07:22 ERROR 2019-11-01T00:07:22.095 http://localhost:12345 500 Failed
2019-11-01 00:07:22 ERROR 2019-11-01T00:07:22.598 http://localhost:12345 500 Failed
2019-11-01 00:07:23 INFO 2019-11-01T00:07:23.100 http://localhost:12345 200 Success
2019-11-01 00:07:23 INFO 2019-11-01T00:07:23.602 http://localhost:12345 200 Success
2019-11-01 00:07:24 INFO 2019-11-01T00:07:24.104 http://localhost:12345 200 Success
2019-11-01 00:07:24 ERROR 2019-11-01T00:07:24.608 http://localhost:12345 500 Failed
2019-11-01 00:07:25 INFO 2019-11-01T00:07:25.110 http://localhost:12345 200 Success
2019-11-01 00:07:25 INFO 2019-11-01T00:07:25.612 http://localhost:12345 200 Success
2019-11-01 00:07:26 INFO 2019-11-01T00:07:26.114 http://localhost:12345 200 Success
2019-11-01 00:07:26 INFO 2019-11-01T00:07:26.616 http://localhost:12345 200 Success
2019-11-01 00:07:27 INFO 2019-11-01T00:07:27.118 http://localhost:12345 200 Success
2019-11-01 00:07:27 ERROR 2019-11-01T00:07:27.621 http://localhost:12345 500 Failed
2019-11-01 00:07:28 INFO 2019-11-01T00:07:28.123 http://localhost:12345 200 Success
2019-11-01 00:07:28 ERROR 2019-11-01T00:07:28.627 http://localhost:12345 500 Failed
2019-11-01 00:07:29 INFO 2019-11-01T00:07:29.129 http://localhost:12345 200 Success
2019-11-01 00:07:29 ERROR 2019-11-01T00:07:29.632 http://localhost:12345 500 Failed
2019-11-01 00:07:30 INFO 2019-11-01T00:07:30.134 http://localhost:12345 200 Success
2019-11-01 00:07:30 INFO 2019-11-01T00:07:30.637 http://localhost:12345 200 Success
2019-11-01 00:07:31 INFO 2019-11-01T00:07:31.139 http://localhost:12345 200 Success
2019-11-01 00:07:31 ERROR 2019-11-01T00:07:31.641 http://localhost:12345 500 Failed
2019-11-01 00:07:32 ERROR 2019-11-01T00:07:32.144 http://localhost:12345 500 Failed
2019-11-01 00:07:32 INFO 2019-11-01T00:07:32.647 http://localhost:12345 200 Success
2019-11-01 00:07:33 ERROR 2019-11-01T00:07:33.151 http://localhost:12345 500 Failed
2019-11-01 00:07:33 INFO 2019-11-01T00:07:33.653 http://localhost:12345 200 Success
2019-11-01 00:07:34 INFO 2019-11-01T00:07:34.155 http://localhost:12345 200 Success
2019-11-01 00:07:34 INFO 2019-11-01T00:07:34.657 http://localhost:12345 200 Success
2019-11-01 00:07:35 INFO 2019-11-01T00:07:35.159 http://localhost:12345 200 Success
2019-11-01 00:07:35 ERROR 2019-11-01T00:07:35.662 http://localhost:12345 500 Failed
2019-11-01 00:07:36 INFO 2019-11-01T00:07:36.164 http://localhost:12345 200 Success
2019-11-01 00:07:36 INFO 2019-11-01T00:07:36.666 http://localhost:12345 200 Success
2019-11-01 00:07:37 INFO 2019-11-01T00:07:37.168 http://localhost:12345 200 Success
2019-11-01 00:07:37 INFO 2019-11-01T00:07:37.669 http://localhost:12345 200 Success
2019-11-01 00:07:38 INFO 2019-11-01T00:07:38.171 http://localhost:12345 200 Success
2019-11-01 00:07:38 INFO 2019-11-01T00:07:38.673 http://localhost:12345 200 Success
2019-11-01 00:07:39 INFO 2019-11-01T00:07:39.175 http://localhost:12345 200 Success
2019-11-01 00:07:39 INFO 2019-11-01T00:07:39.677 http://localhost:12345 200 Success
2019-11-01 00:07:40 INFO 2019-11-01T00:07:40.179 http://localhost:12345 200 Success
2019-11-01 00:07:40 INFO 2019-11-01T00:07:40.681 http://localhost:12345 200 Success
2019-11-01 00:07:41 ERROR 2019-11-01T00:07:41.184 http://localhost:12345 500 Failed
2019-11-01 00:07:41 INFO 2019-11-01T00:07:41.686 http://localhost:12345 200 Success
2019-11-01 00:07:42 INFO 2019-11-01T00:07:42.188 http://localhost:12345 200 Success
2019-11-01 00:07:42 INFO 2019-11-01T00:07:42.690 http://localhost:12345 200 Success
2019-11-01 00:07:43 INFO 2019-11-01T00:07:43.192 http://localhost:12345 200 Success
2019-11-01 00:07:43 INFO 2019-11-01T00:07:43.694 http://localhost:12345 200 Success
2019-11-01 00:07:44 INFO 2019-11-01T00:07:44.196 http://localhost:12345 200 Success
2019-11-01 00:07:44 INFO 2019-11-01T00:07:44.698 http://localhost:12345 200 Success
2019-11-01 00:07:45 ERROR 2019-11-01T00:07:45.201 http://localhost:12345 500 Failed
2019-11-01 00:07:45 INFO 2019-11-01T00:07:45.703 http://localhost:12345 200 Success
2019-11-01 00:07:46 INFO 2019-11-01T00:07:46.205 http://localhost:12345 200 Success
2019-11-01 00:07:46 ERROR 2019-11-01T00:07:46.708 http://localhost:12345 500 Failed
2019-11-01 00:07:47 INFO 2019-11-01T00:07:47.210 http://localhost:12345 200 Success
2019-11-01 00:07:47 INFO 2019-11-01T00:07:47.712 http://localhost:12345 200 Success
2019-11-01 00:07:48 INFO 2019-11-01T00:07:48.214 http://localhost:12345 200 Success
2019-11-01 00:07:48 INFO 2019-11-01T00:07:48.716 http://localhost:12345 200 Success
2019-11-01 00:07:49 ERROR 2019-11-01T00:07:49.219 http://localhost:12345 500 Failed
2019-11-01 00:07:49 ERROR 2019-11-01T00:07:49.722 http://localhost:12345 500 Failed
2019-11-01 00:07:50 INFO 2019-11-01T00:07:50.224 http://localhost:12345 200 Success
2019-11-01 00:07:50 INFO 2019-11-01T00:07:50.726 http://localhost:12345 200 Success
2019-11-01 00:07:51 INFO 2019-11-01T00:07:51.228 http://localhost:12345 200 Success
2019-11-01 00:07:51 ERROR 2019-11-01T00:07:51.731 http://localhost:12345 500 Failed
2019-11-01 00:07:52 INFO 2019-11-01T00:07:52.233 http://localhost:12345 200 Success
2019-11-01 00:07:52 INFO 2019-11-01T00:07:52.734 http://localhost:12345 200 Success
2019-11-01 00:07:53 INFO 2019-11-01T00:07:53.236 http://localhost:12345 200 Success
2019-11-01 00:07:53 INFO 2019-11-01T00:07:53.738 http://localhost:12345 200 Success
2019-11-01 00:07:54 INFO 2019-11-01T00:07:54.240 http://localhost:12345 200 Success
2019-11-01 00:07:54 ERROR 2019-11-01T00:07:54.744 http://localhost:12345 500 Failed
2019-11-01 00:07:55 INFO 2019-11-01T00:07:55.246 http://localhost:12345 200 Success
2019-11-01 00:07:55 ERROR 2019-11-01T00:07:55.749 http://localhost:12345 500 Failed
2019-11-01 00:07:56 ERROR 2019-11-01T00:07:56.252 http://localhost:12345 500 Failed
2019-11-01 00:07:56 INFO 2019-11-01T00:07:56.754 http://localhost:12345 200 Success
2019-11-01 00:07:57 INFO 2019-11-01T00:07:57.256 http://localhost:12345 200 Success
2019-11-01 00:07:57 ERROR 2019-11-01T00:07:57.759 http://localhost:12345 500 Failed
2019-11-01 00:07:58 INFO 2019-11-01T00:07:58.261 http://localhost:12345 200 Success
2019-11-01 00:07:58 INFO 2019-11-01T00:07:58.762 http://localhost:12345 200 Success
2019-11-01 00:07:59 INFO 2019-11-01T00:07:59.264 http://localhost:12345 200 Success
2019-11-01 00:07:59 INFO 2019-11-01T00:07:59.766 http://localhost:12345 200 Success
2019-11-01 00:08:00 INFO Report: HealthReport{failed_count=153, success_count=413, un_available_count=0}
2019-11-01 00:08:00 INFO 2019-11-01T00:08:00.268 http://localhost:12345 200 Success
2019-11-01 00:08:00 INFO 2019-11-01T00:08:00.770 http://localhost:12345 200 Success
2019-11-01 00:08:01 INFO 2019-11-01T00:08:01.272 http://localhost:12345 200 Success
2019-11-01 00:08:01 ERROR 2019-11-01T00:08:01.774 http://localhost:12345 500 Failed
2019-11-01 00:08:02 INFO 2019-11-01T00:08:02.276 http://localhost:12345 200 Success
2019-11-01 00:08:02 ERROR 2019-11-01T00:08:02.779 http://localhost:12345 500 Failed
2019-11-01 00:08:03 INFO 2019-11-01T00:08:03.281 http://localhost:12345 200 Success
2019-11-01 00:08:03 INFO 2019-11-01T00:08:03.782 http://localhost:12345 200 Success
2019-11-01 00:08:04 INFO 2019-11-01T00:08:04.284 http://localhost:12345 200 Success
2019-11-01 00:08:04 INFO 2019-11-01T00:08:04.786 http://localhost:12345 200 Success
2019-11-01 00:08:05 ERROR 2019-11-01T00:08:05.290 http://localhost:12345 500 Failed
2019-11-01 00:08:05 INFO 2019-11-01T00:08:05.791 http://localhost:12345 200 Success
2019-11-01 00:08:06 INFO 2019-11-01T00:08:06.293 http://localhost:12345 200 Success
2019-11-01 00:08:06 INFO 2019-11-01T00:08:06.795 http://localhost:12345 200 Success
2019-11-01 00:08:07 INFO 2019-11-01T00:08:07.297 http://localhost:12345 200 Success
2019-11-01 00:08:07 INFO 2019-11-01T00:08:07.799 http://localhost:12345 200 Success
2019-11-01 00:08:08 ERROR 2019-11-01T00:08:08.302 http://localhost:12345 500 Failed
2019-11-01 00:08:08 INFO 2019-11-01T00:08:08.804 http://localhost:12345 200 Success
2019-11-01 00:08:09 INFO 2019-11-01T00:08:09.306 http://localhost:12345 200 Success
2019-11-01 00:08:09 INFO 2019-11-01T00:08:09.808 http://localhost:12345 200 Success
2019-11-01 00:08:10 ERROR 2019-11-01T00:08:10.311 http://localhost:12345 500 Failed
2019-11-01 00:08:10 INFO 2019-11-01T00:08:10.813 http://localhost:12345 200 Success
2019-11-01 00:08:11 INFO 2019-11-01T00:08:11.315 http://localhost:12345 200 Success
2019-11-01 00:08:11 ERROR 2019-11-01T00:08:11.818 http://localhost:12345 500 Failed
2019-11-01 00:08:12 ERROR 2019-11-01T00:08:12.321 http://localhost:12345 500 Failed
2019-11-01 00:08:12 INFO 2019-11-01T00:08:12.823 http://localhost:12345 200 Success
2019-11-01 00:08:13 ERROR 2019-11-01T00:08:13.326 http://localhost:12345 500 Failed
2019-11-01 00:08:13 ERROR 2019-11-01T00:08:13.830 http://localhost:12345 500 Failed
2019-11-01 00:08:14 INFO 2019-11-01T00:08:14.332 http://localhost:12345 200 Success
2019-11-01 00:08:14 INFO 2019-11-01T00:08:14.834 http://localhost:12345 200 Success
2019-11-01 00:08:15 INFO 2019-11-01T00:08:15.335 http://localhost:12345 200 Success
2019-11-01 00:08:15 INFO 2019-11-01T00:08:15.837 http://localhost:12345 200 Success
2019-11-01 00:08:16 INFO 2019-11-01T00:08:16.340 http://localhost:12345 200 Success
2019-11-01 00:08:16 INFO 2019-11-01T00:08:16.842 http://localhost:12345 200 Success
2019-11-01 00:08:17 INFO 2019-11-01T00:08:17.344 http://localhost:12345 200 Success
2019-11-01 00:08:17 INFO 2019-11-01T00:08:17.845 http://localhost:12345 200 Success
2019-11-01 00:08:18 INFO 2019-11-01T00:08:18.347 http://localhost:12345 200 Success
2019-11-01 00:08:18 INFO 2019-11-01T00:08:18.849 http://localhost:12345 200 Success
2019-11-01 00:08:19 INFO 2019-11-01T00:08:19.351 http://localhost:12345 200 Success
2019-11-01 00:08:19 INFO 2019-11-01T00:08:19.853 http://localhost:12345 200 Success
2019-11-01 00:08:20 ERROR 2019-11-01T00:08:20.356 http://localhost:12345 500 Failed
2019-11-01 00:08:20 INFO 2019-11-01T00:08:20.858 http://localhost:12345 200 Success
2019-11-01 00:08:21 INFO 2019-11-01T00:08:21.360 http://localhost:12345 200 Success
2019-11-01 00:08:21 INFO 2019-11-01T00:08:21.862 http://localhost:12345 200 Success
2019-11-01 00:08:22 ERROR 2019-11-01T00:08:22.365 http://localhost:12345 500 Failed
2019-11-01 00:08:22 INFO 2019-11-01T00:08:22.867 http://localhost:12345 200 Success
2019-11-01 00:08:23 INFO 2019-11-01T00:08:23.369 http://localhost:12345 200 Success
2019-11-01 00:08:23 INFO 2019-11-01T00:08:23.871 http://localhost:12345 200 Success
2019-11-01 00:08:23 INFO Initializing Spring FrameworkServlet 'dispatcherServlet'
2019-11-01 00:08:23 INFO FrameworkServlet 'dispatcherServlet': initialization started
2019-11-01 00:08:23 INFO FrameworkServlet 'dispatcherServlet': initialization completed in 14 ms
2019-11-01 00:08:24 INFO 2019-11-01T00:08:24.373 http://localhost:12345 200 Success
2019-11-01 00:08:24 INFO 2019-11-01T00:08:24.875 http://localhost:12345 200 Success
2019-11-01 00:08:25 INFO 2019-11-01T00:08:25.377 http://localhost:12345 200 Success
2019-11-01 00:08:25 INFO 2019-11-01T00:08:25.879 http://localhost:12345 200 Success
2019-11-01 00:08:26 INFO 2019-11-01T00:08:26.382 http://localhost:12345 200 Success
2019-11-01 00:08:26 ERROR 2019-11-01T00:08:26.885 http://localhost:12345 500 Failed
2019-11-01 00:08:27 INFO 2019-11-01T00:08:27.387 http://localhost:12345 200 Success
2019-11-01 00:08:27 INFO 2019-11-01T00:08:27.889 http://localhost:12345 200 Success
2019-11-01 00:08:28 INFO 2019-11-01T00:08:28.391 http://localhost:12345 200 Success
2019-11-01 00:08:28 ERROR 2019-11-01T00:08:28.895 http://localhost:12345 500 Failed
2019-11-01 00:08:29 INFO 2019-11-01T00:08:29.397 http://localhost:12345 200 Success
2019-11-01 00:08:29 INFO 2019-11-01T00:08:29.899 http://localhost:12345 200 Success
2019-11-01 00:08:30 ERROR 2019-11-01T00:08:30.402 http://localhost:12345 500 Failed
2019-11-01 00:08:30 INFO 2019-11-01T00:08:30.903 http://localhost:12345 200 Success
2019-11-01 00:08:31 INFO 2019-11-01T00:08:31.405 http://localhost:12345 200 Success
2019-11-01 00:08:31 INFO 2019-11-01T00:08:31.907 http://localhost:12345 200 Success
2019-11-01 00:08:32 ERROR 2019-11-01T00:08:32.410 http://localhost:12345 500 Failed
2019-11-01 00:08:32 INFO 2019-11-01T00:08:32.913 http://localhost:12345 200 Success
2019-11-01 00:08:33 INFO 2019-11-01T00:08:33.415 http://localhost:12345 200 Success
2019-11-01 00:08:33 INFO 2019-11-01T00:08:33.917 http://localhost:12345 200 Success
2019-11-01 00:08:34 ERROR 2019-11-01T00:08:34.420 http://localhost:12345 500 Failed
2019-11-01 00:08:34 INFO 2019-11-01T00:08:34.922 http://localhost:12345 200 Success
2019-11-01 00:08:35 INFO 2019-11-01T00:08:35.423 http://localhost:12345 200 Success
2019-11-01 00:08:35 INFO 2019-11-01T00:08:35.925 http://localhost:12345 200 Success
2019-11-01 00:08:36 INFO 2019-11-01T00:08:36.427 http://localhost:12345 200 Success
2019-11-01 00:08:36 INFO 2019-11-01T00:08:36.930 http://localhost:12345 200 Success
2019-11-01 00:08:37 INFO 2019-11-01T00:08:37.433 http://localhost:12345 200 Success
2019-11-01 00:08:37 INFO 2019-11-01T00:08:37.935 http://localhost:12345 200 Success
2019-11-01 00:08:38 INFO 2019-11-01T00:08:38.437 http://localhost:12345 200 Success
2019-11-01 00:08:38 INFO 2019-11-01T00:08:38.939 http://localhost:12345 200 Success
2019-11-01 00:08:39 INFO 2019-11-01T00:08:39.441 http://localhost:12345 200 Success
2019-11-01 00:08:39 ERROR 2019-11-01T00:08:39.945 http://localhost:12345 500 Failed
2019-11-01 00:08:40 ERROR 2019-11-01T00:08:40.448 http://localhost:12345 500 Failed
2019-11-01 00:08:40 INFO 2019-11-01T00:08:40.950 http://localhost:12345 200 Success
2019-11-01 00:08:41 INFO 2019-11-01T00:08:41.452 http://localhost:12345 200 Success
2019-11-01 00:08:41 ERROR 2019-11-01T00:08:41.955 http://localhost:12345 500 Failed
2019-11-01 00:08:42 INFO 2019-11-01T00:08:42.457 http://localhost:12345 200 Success
2019-11-01 00:08:42 ERROR 2019-11-01T00:08:42.960 http://localhost:12345 500 Failed
2019-11-01 00:08:43 INFO 2019-11-01T00:08:43.462 http://localhost:12345 200 Success
2019-11-01 00:08:43 INFO 2019-11-01T00:08:43.964 http://localhost:12345 200 Success
2019-11-01 00:08:44 INFO 2019-11-01T00:08:44.466 http://localhost:12345 200 Success
2019-11-01 00:08:44 INFO 2019-11-01T00:08:44.968 http://localhost:12345 200 Success
2019-11-01 00:08:45 INFO 2019-11-01T00:08:45.470 http://localhost:12345 200 Success
2019-11-01 00:08:45 INFO 2019-11-01T00:08:45.973 http://localhost:12345 200 Success
2019-11-01 00:08:46 ERROR 2019-11-01T00:08:46.476 http://localhost:12345 500 Failed
2019-11-01 00:08:46 INFO 2019-11-01T00:08:46.978 http://localhost:12345 200 Success
2019-11-01 00:08:47 INFO 2019-11-01T00:08:47.480 http://localhost:12345 200 Success
2019-11-01 00:08:47 INFO 2019-11-01T00:08:47.982 http://localhost:12345 200 Success
2019-11-01 00:08:48 INFO 2019-11-01T00:08:48.484 http://localhost:12345 200 Success
2019-11-01 00:08:48 INFO 2019-11-01T00:08:48.986 http://localhost:12345 200 Success
2019-11-01 00:08:49 INFO 2019-11-01T00:08:49.488 http://localhost:12345 200 Success
2019-11-01 00:08:49 INFO 2019-11-01T00:08:49.990 http://localhost:12345 200 Success
2019-11-01 00:08:50 ERROR 2019-11-01T00:08:50.494 http://localhost:12345 500 Failed
2019-11-01 00:08:50 INFO 2019-11-01T00:08:50.995 http://localhost:12345 200 Success
2019-11-01 00:08:51 INFO 2019-11-01T00:08:51.497 http://localhost:12345 200 Success
2019-11-01 00:08:51 INFO 2019-11-01T00:08:51.999 http://localhost:12345 200 Success
2019-11-01 00:08:52 INFO 2019-11-01T00:08:52.501 http://localhost:12345 200 Success
2019-11-01 00:08:53 INFO 2019-11-01T00:08:53.003 http://localhost:12345 200 Success
2019-11-01 00:08:53 INFO 2019-11-01T00:08:53.505 http://localhost:12345 200 Success
2019-11-01 00:08:54 INFO 2019-11-01T00:08:54.007 http://localhost:12345 200 Success
2019-11-01 00:08:54 INFO 2019-11-01T00:08:54.509 http://localhost:12345 200 Success
2019-11-01 00:08:55 INFO 2019-11-01T00:08:55.010 http://localhost:12345 200 Success
2019-11-01 00:08:55 INFO 2019-11-01T00:08:55.512 http://localhost:12345 200 Success
2019-11-01 00:08:56 INFO 2019-11-01T00:08:56.015 http://localhost:12345 200 Success
2019-11-01 00:08:56 ERROR 2019-11-01T00:08:56.518 http://localhost:12345 500 Failed
2019-11-01 00:08:57 INFO 2019-11-01T00:08:57.020 http://localhost:12345 200 Success
2019-11-01 00:08:57 ERROR 2019-11-01T00:08:57.523 http://localhost:12345 500 Failed
2019-11-01 00:08:58 INFO 2019-11-01T00:08:58.025 http://localhost:12345 200 Success
2019-11-01 00:08:58 ERROR 2019-11-01T00:08:58.528 http://localhost:12345 500 Failed
2019-11-01 00:08:59 INFO 2019-11-01T00:08:59.030 http://localhost:12345 200 Success
2019-11-01 00:08:59 ERROR 2019-11-01T00:08:59.533 http://localhost:12345 500 Failed
2019-11-01 00:09:00 INFO Report: HealthReport{failed_count=179, success_count=506, un_available_count=0}
2019-11-01 00:09:00 ERROR 2019-11-01T00:09:00.036 http://localhost:12345 500 Failed
2019-11-01 00:09:00 ERROR 2019-11-01T00:09:00.539 http://localhost:12345 500 Failed
2019-11-01 00:09:01 INFO 2019-11-01T00:09:01.041 http://localhost:12345 200 Success
2019-11-01 00:09:01 INFO 2019-11-01T00:09:01.543 http://localhost:12345 200 Success
2019-11-01 00:09:02 INFO 2019-11-01T00:09:02.045 http://localhost:12345 200 Success
2019-11-01 00:09:02 INFO 2019-11-01T00:09:02.547 http://localhost:12345 200 Success
2019-11-01 00:09:03 INFO 2019-11-01T00:09:03.049 http://localhost:12345 200 Success
2019-11-01 00:09:03 ERROR 2019-11-01T00:09:03.552 http://localhost:12345 500 Failed
2019-11-01 00:09:04 INFO 2019-11-01T00:09:04.054 http://localhost:12345 200 Success
2019-11-01 00:09:04 ERROR 2019-11-01T00:09:04.556 http://localhost:12345 500 Failed
2019-11-01 00:09:05 ERROR 2019-11-01T00:09:05.060 http://localhost:12345 500 Failed
2019-11-01 00:09:05 INFO 2019-11-01T00:09:05.562 http://localhost:12345 200 Success
2019-11-01 00:09:06 INFO 2019-11-01T00:09:06.064 http://localhost:12345 200 Success
2019-11-01 00:09:06 ERROR 2019-11-01T00:09:06.568 http://localhost:12345 500 Failed
2019-11-01 00:09:07 INFO 2019-11-01T00:09:07.070 http://localhost:12345 200 Success
2019-11-01 00:09:07 ERROR 2019-11-01T00:09:07.573 http://localhost:12345 500 Failed
2019-11-01 00:09:08 ERROR 2019-11-01T00:09:08.076 http://localhost:12345 500 Failed
2019-11-01 00:09:08 INFO 2019-11-01T00:09:08.578 http://localhost:12345 200 Success
2019-11-01 00:09:09 INFO 2019-11-01T00:09:09.080 http://localhost:12345 200 Success
2019-11-01 00:09:09 INFO 2019-11-01T00:09:09.582 http://localhost:12345 200 Success
2019-11-01 00:09:10 INFO 2019-11-01T00:09:10.084 http://localhost:12345 200 Success
2019-11-01 00:09:10 INFO 2019-11-01T00:09:10.586 http://localhost:12345 200 Success
2019-11-01 00:09:11 ERROR 2019-11-01T00:09:11.089 http://localhost:12345 500 Failed
2019-11-01 00:09:11 INFO 2019-11-01T00:09:11.591 http://localhost:12345 200 Success
2019-11-01 00:09:12 INFO 2019-11-01T00:09:12.093 http://localhost:12345 200 Success
2019-11-01 00:09:12 INFO 2019-11-01T00:09:12.595 http://localhost:12345 200 Success
2019-11-01 00:09:13 INFO 2019-11-01T00:09:13.096 http://localhost:12345 200 Success
2019-11-01 00:09:13 ERROR 2019-11-01T00:09:13.599 http://localhost:12345 500 Failed
2019-11-01 00:09:14 ERROR 2019-11-01T00:09:14.102 http://localhost:12345 500 Failed
2019-11-01 00:09:14 INFO 2019-11-01T00:09:14.604 http://localhost:12345 200 Success
2019-11-01 00:09:15 INFO 2019-11-01T00:09:15.106 http://localhost:12345 200 Success
2019-11-01 00:09:15 INFO 2019-11-01T00:09:15.608 http://localhost:12345 200 Success
2019-11-01 00:09:16 INFO 2019-11-01T00:09:16.109 http://localhost:12345 200 Success
2019-11-01 00:09:16 INFO 2019-11-01T00:09:16.611 http://localhost:12345 200 Success
2019-11-01 00:09:17 ERROR 2019-11-01T00:09:17.114 http://localhost:12345 500 Failed
2019-11-01 00:09:17 INFO 2019-11-01T00:09:17.616 http://localhost:12345 200 Success
2019-11-01 00:09:18 ERROR 2019-11-01T00:09:18.119 http://localhost:12345 500 Failed
2019-11-01 00:09:18 INFO 2019-11-01T00:09:18.621 http://localhost:12345 200 Success
2019-11-01 00:09:19 INFO 2019-11-01T00:09:19.123 http://localhost:12345 200 Success
2019-11-01 00:09:19 INFO 2019-11-01T00:09:19.625 http://localhost:12345 200 Success
2019-11-01 00:09:20 INFO 2019-11-01T00:09:20.127 http://localhost:12345 200 Success
2019-11-01 00:09:20 ERROR 2019-11-01T00:09:20.630 http://localhost:12345 500 Failed
2019-11-01 00:09:21 INFO 2019-11-01T00:09:21.131 http://localhost:12345 200 Success
2019-11-01 00:09:21 INFO 2019-11-01T00:09:21.633 http://localhost:12345 200 Success
2019-11-01 00:09:22 ERROR 2019-11-01T00:09:22.136 http://localhost:12345 500 Failed
2019-11-01 00:09:22 INFO 2019-11-01T00:09:22.638 http://localhost:12345 200 Success
2019-11-01 00:09:23 INFO 2019-11-01T00:09:23.139 http://localhost:12345 200 Success
2019-11-01 00:09:23 ERROR 2019-11-01T00:09:23.642 http://localhost:12345 500 Failed
2019-11-01 00:09:24 INFO 2019-11-01T00:09:24.144 http://localhost:12345 200 Success
2019-11-01 00:09:24 INFO 2019-11-01T00:09:24.646 http://localhost:12345 200 Success
2019-11-01 00:09:25 INFO 2019-11-01T00:09:25.148 http://localhost:12345 200 Success
2019-11-01 00:09:25 INFO 2019-11-01T00:09:25.650 http://localhost:12345 200 Success
2019-11-01 00:09:26 INFO 2019-11-01T00:09:26.152 http://localhost:12345 200 Success
2019-11-01 00:09:26 INFO 2019-11-01T00:09:26.654 http://localhost:12345 200 Success
2019-11-01 00:09:27 INFO 2019-11-01T00:09:27.156 http://localhost:12345 200 Success
2019-11-01 00:09:27 INFO 2019-11-01T00:09:27.657 http://localhost:12345 200 Success
2019-11-01 00:09:28 INFO 2019-11-01T00:09:28.159 http://localhost:12345 200 Success
2019-11-01 00:09:28 INFO 2019-11-01T00:09:28.661 http://localhost:12345 200 Success
2019-11-01 00:09:29 INFO 2019-11-01T00:09:29.163 http://localhost:12345 200 Success
2019-11-01 00:09:29 ERROR 2019-11-01T00:09:29.666 http://localhost:12345 500 Failed
2019-11-01 00:09:30 ERROR 2019-11-01T00:09:30.169 http://localhost:12345 500 Failed
2019-11-01 00:09:30 INFO 2019-11-01T00:09:30.671 http://localhost:12345 200 Success
2019-11-01 00:09:31 INFO 2019-11-01T00:09:31.173 http://localhost:12345 200 Success
2019-11-01 00:09:31 INFO 2019-11-01T00:09:31.674 http://localhost:12345 200 Success
2019-11-01 00:09:32 INFO 2019-11-01T00:09:32.176 http://localhost:12345 200 Success
2019-11-01 00:09:32 INFO 2019-11-01T00:09:32.678 http://localhost:12345 200 Success
2019-11-01 00:09:33 INFO 2019-11-01T00:09:33.180 http://localhost:12345 200 Success
2019-11-01 00:09:33 INFO 2019-11-01T00:09:33.682 http://localhost:12345 200 Success
2019-11-01 00:09:34 INFO 2019-11-01T00:09:34.184 http://localhost:12345 200 Success
2019-11-01 00:09:34 INFO 2019-11-01T00:09:34.685 http://localhost:12345 200 Success
2019-11-01 00:09:35 INFO 2019-11-01T00:09:35.187 http://localhost:12345 200 Success
2019-11-01 00:09:35 INFO 2019-11-01T00:09:35.689 http://localhost:12345 200 Success
2019-11-01 00:09:36 INFO 2019-11-01T00:09:36.191 http://localhost:12345 200 Success
2019-11-01 00:09:36 ERROR 2019-11-01T00:09:36.695 http://localhost:12345 500 Failed
2019-11-01 00:09:37 INFO 2019-11-01T00:09:37.197 http://localhost:12345 200 Success
2019-11-01 00:09:37 INFO 2019-11-01T00:09:37.698 http://localhost:12345 200 Success
2019-11-01 00:09:38 INFO 2019-11-01T00:09:38.200 http://localhost:12345 200 Success
2019-11-01 00:09:38 ERROR 2019-11-01T00:09:38.703 http://localhost:12345 500 Failed
2019-11-01 00:09:39 INFO 2019-11-01T00:09:39.205 http://localhost:12345 200 Success
2019-11-01 00:09:39 INFO 2019-11-01T00:09:39.707 http://localhost:12345 200 Success
2019-11-01 00:09:40 INFO 2019-11-01T00:09:40.208 http://localhost:12345 200 Success
2019-11-01 00:09:40 INFO 2019-11-01T00:09:40.710 http://localhost:12345 200 Success
2019-11-01 00:09:41 INFO 2019-11-01T00:09:41.212 http://localhost:12345 200 Success
2019-11-01 00:09:41 INFO 2019-11-01T00:09:41.714 http://localhost:12345 200 Success
2019-11-01 00:09:42 ERROR 2019-11-01T00:09:42.216 http://localhost:12345 500 Failed
2019-11-01 00:09:42 INFO 2019-11-01T00:09:42.718 http://localhost:12345 200 Success
2019-11-01 00:09:43 INFO 2019-11-01T00:09:43.220 http://localhost:12345 200 Success
2019-11-01 00:09:43 ERROR 2019-11-01T00:09:43.723 http://localhost:12345 500 Failed
2019-11-01 00:09:44 ERROR 2019-11-01T00:09:44.227 http://localhost:12345 500 Failed
2019-11-01 00:09:44 INFO 2019-11-01T00:09:44.729 http://localhost:12345 200 Success
2019-11-01 00:09:45 INFO 2019-11-01T00:09:45.230 http://localhost:12345 200 Success
2019-11-01 00:09:45 INFO 2019-11-01T00:09:45.732 http://localhost:12345 200 Success
2019-11-01 00:09:46 INFO 2019-11-01T00:09:46.233 http://localhost:12345 200 Success
2019-11-01 00:09:46 INFO 2019-11-01T00:09:46.735 http://localhost:12345 200 Success
2019-11-01 00:09:47 INFO 2019-11-01T00:09:47.237 http://localhost:12345 200 Success
2019-11-01 00:09:47 ERROR 2019-11-01T00:09:47.740 http://localhost:12345 500 Failed
2019-11-01 00:09:48 ERROR 2019-11-01T00:09:48.243 http://localhost:12345 500 Failed
2019-11-01 00:09:48 INFO 2019-11-01T00:09:48.745 http://localhost:12345 200 Success
2019-11-01 00:09:49 INFO 2019-11-01T00:09:49.247 http://localhost:12345 200 Success
2019-11-01 00:09:49 INFO 2019-11-01T00:09:49.749 http://localhost:12345 200 Success
2019-11-01 00:09:50 INFO 2019-11-01T00:09:50.251 http://localhost:12345 200 Success
2019-11-01 00:09:50 INFO 2019-11-01T00:09:50.753 http://localhost:12345 200 Success
2019-11-01 00:09:51 ERROR 2019-11-01T00:09:51.256 http://localhost:12345 500 Failed
2019-11-01 00:09:51 INFO 2019-11-01T00:09:51.758 http://localhost:12345 200 Success
2019-11-01 00:09:52 ERROR 2019-11-01T00:09:52.261 http://localhost:12345 500 Failed
2019-11-01 00:09:52 INFO 2019-11-01T00:09:52.763 http://localhost:12345 200 Success
2019-11-01 00:09:53 INFO 2019-11-01T00:09:53.265 http://localhost:12345 200 Success
2019-11-01 00:09:53 INFO 2019-11-01T00:09:53.767 http://localhost:12345 200 Success
2019-11-01 00:09:54 INFO 2019-11-01T00:09:54.269 http://localhost:12345 200 Success
2019-11-01 00:09:54 ERROR 2019-11-01T00:09:54.772 http://localhost:12345 500 Failed
2019-11-01 00:09:55 INFO 2019-11-01T00:09:55.274 http://localhost:12345 200 Success
2019-11-01 00:09:55 INFO 2019-11-01T00:09:55.776 http://localhost:12345 200 Success
2019-11-01 00:09:56 INFO 2019-11-01T00:09:56.278 http://localhost:12345 200 Success
2019-11-01 00:09:56 INFO 2019-11-01T00:09:56.779 http://localhost:12345 200 Success
2019-11-01 00:09:57 INFO 2019-11-01T00:09:57.281 http://localhost:12345 200 Success
2019-11-01 00:09:57 ERROR 2019-11-01T00:09:57.784 http://localhost:12345 500 Failed
2019-11-01 00:09:58 INFO 2019-11-01T00:09:58.286 http://localhost:12345 200 Success
2019-11-01 00:09:58 INFO 2019-11-01T00:09:58.788 http://localhost:12345 200 Success
2019-11-01 00:09:59 INFO 2019-11-01T00:09:59.290 http://localhost:12345 200 Success
2019-11-01 00:09:59 INFO 2019-11-01T00:09:59.791 http://localhost:12345 200 Success
2019-11-01 00:10:00 INFO Report: HealthReport{failed_count=208, success_count=597, un_available_count=0}
2019-11-01 00:10:00 INFO 2019-11-01T00:10:00.293 http://localhost:12345 200 Success
2019-11-01 00:10:00 INFO 2019-11-01T00:10:00.795 http://localhost:12345 200 Success
2019-11-01 00:10:00 INFO Closing org.springframework.boot.web.servlet.context.AnnotationConfigServletWebServerApplicationContext@28194a50: startup date [Fri Nov 01 00:02:38 IST 2019]; root of context hierarchy
2019-11-01 00:10:00 INFO Unregistering JMX-exposed beans on shutdown
